<?xml version="1.0" encoding="UTF-8"?>
<robot generator="Robot 7.0 (Python 3.9.2 on darwin)" generated="2024-01-29T23:39:08.367531" rpa="false" schemaversion="5">
<suite id="s1" name="Cart &amp; Checkout &amp; Login Logout">
<suite id="s1-s1" name="Cart" source="/Users/dodo_bluepi/PycharmProjects/SauceDemo/TestCases/cart.robot">
<test id="s1-s1-t1" name="TC_101 User add multiple items to cart from products page and item detail page" line="9">
<kw name="Setup keyword cart" type="SETUP">
<kw name="Web set test user for test case" owner="common">
<kw name="Set Test Variable" owner="BuiltIn">
<msg time="2024-01-29T23:39:08.476942" level="INFO">${TEST_USER} = {'username': 'standard_user', 'password': 'secret_sauce', 'incorrect_password': 'panusin_sinthon', 'personal_info': {'first_name': 'panusin', 'last_name': 'sinthon', 'postal_code': {'correct': 41130, ...</msg>
<arg>${TEST_USER}</arg>
<arg>${user}</arg>
<doc>Makes a variable available everywhere within the scope of the current test.</doc>
<status status="PASS" start="2024-01-29T23:39:08.476229" elapsed="0.000747"/>
</kw>
<arg>${user}</arg>
<status status="PASS" start="2024-01-29T23:39:08.475645" elapsed="0.001386"/>
</kw>
<kw name="Web open browser" owner="common">
<kw name="Create Webdriver" owner="SeleniumLibrary">
<msg time="2024-01-29T23:39:08.477657" level="INFO">Creating an instance of the Chrome WebDriver.</msg>
<arg>Chrome</arg>
<doc>Creates an instance of Selenium WebDriver.</doc>
<status status="PASS" start="2024-01-29T23:39:08.477580" elapsed="5.002614"/>
</kw>
<kw name="Go To" owner="SeleniumLibrary">
<msg time="2024-01-29T23:39:13.480923" level="INFO">Opening url 'https://www.saucedemo.com/'</msg>
<arg>${url}</arg>
<doc>Navigates the current browser window to the provided ``url``.</doc>
<status status="PASS" start="2024-01-29T23:39:13.480611" elapsed="1.379524"/>
</kw>
<kw name="Maximize Browser Window" owner="SeleniumLibrary">
<doc>Maximizes current browser window.</doc>
<status status="PASS" start="2024-01-29T23:39:14.860403" elapsed="0.422061"/>
</kw>
<status status="PASS" start="2024-01-29T23:39:08.477123" elapsed="6.805453"/>
</kw>
<kw name="Input username at login page" owner="login">
<kw name="Web input text" owner="common">
<kw name="Web wait until element is visible" owner="common">
<kw name="Wait Until Element Is Visible" owner="SeleniumLibrary">
<arg>${locator}</arg>
<arg>${timeout}</arg>
<doc>Waits until the element ``locator`` is visible.</doc>
<status status="PASS" start="2024-01-29T23:39:15.284229" elapsed="0.265675"/>
</kw>
<arg>${locator}</arg>
<status status="PASS" start="2024-01-29T23:39:15.283755" elapsed="0.266261"/>
</kw>
<kw name="Input Text" owner="SeleniumLibrary">
<msg time="2024-01-29T23:39:15.550402" level="INFO">Typing text 'standard_user' into text field 'id=user-name'.</msg>
<arg>${locator}</arg>
<arg>${input_value}</arg>
<arg>${is_clear}</arg>
<doc>Types the given ``text`` into the text field identified by ``locator``.</doc>
<status status="PASS" start="2024-01-29T23:39:15.550160" elapsed="1.435693"/>
</kw>
<arg>${locator}</arg>
<arg>${user}</arg>
<status status="PASS" start="2024-01-29T23:39:15.283517" elapsed="1.702444"/>
</kw>
<arg>${TEST_USER.username}</arg>
<status status="PASS" start="2024-01-29T23:39:15.282755" elapsed="1.703248"/>
</kw>
<kw name="Input password at login page" owner="login">
<kw name="Web input text" owner="common">
<kw name="Web wait until element is visible" owner="common">
<kw name="Wait Until Element Is Visible" owner="SeleniumLibrary">
<arg>${locator}</arg>
<arg>${timeout}</arg>
<doc>Waits until the element ``locator`` is visible.</doc>
<status status="PASS" start="2024-01-29T23:39:16.987611" elapsed="0.057143"/>
</kw>
<arg>${locator}</arg>
<status status="PASS" start="2024-01-29T23:39:16.987092" elapsed="0.057760"/>
</kw>
<kw name="Input Text" owner="SeleniumLibrary">
<msg time="2024-01-29T23:39:17.045185" level="INFO">Typing text 'secret_sauce' into text field 'id=password'.</msg>
<arg>${locator}</arg>
<arg>${input_value}</arg>
<arg>${is_clear}</arg>
<doc>Types the given ``text`` into the text field identified by ``locator``.</doc>
<status status="PASS" start="2024-01-29T23:39:17.044981" elapsed="0.516074"/>
</kw>
<arg>${locator}</arg>
<arg>${user}</arg>
<status status="PASS" start="2024-01-29T23:39:16.986842" elapsed="0.574319"/>
</kw>
<arg>${TEST_USER.password}</arg>
<status status="PASS" start="2024-01-29T23:39:16.986148" elapsed="0.575060"/>
</kw>
<kw name="Click &quot;login&quot; button at login page" owner="login">
<kw name="Web click element" owner="common">
<kw name="Web wait until element is visible" owner="common">
<kw name="Wait Until Element Is Visible" owner="SeleniumLibrary">
<arg>${locator}</arg>
<arg>${timeout}</arg>
<doc>Waits until the element ``locator`` is visible.</doc>
<status status="PASS" start="2024-01-29T23:39:17.562316" elapsed="0.113046"/>
</kw>
<arg>${locator}</arg>
<status status="PASS" start="2024-01-29T23:39:17.561777" elapsed="0.113695"/>
</kw>
<kw name="Click Element" owner="SeleniumLibrary">
<msg time="2024-01-29T23:39:17.675797" level="INFO">Clicking element 'id=login-button'.</msg>
<arg>${locator}</arg>
<doc>Click the element identified by ``locator``.</doc>
<status status="PASS" start="2024-01-29T23:39:17.675619" elapsed="1.836695"/>
</kw>
<arg>${locator}</arg>
<status status="PASS" start="2024-01-29T23:39:17.561584" elapsed="1.950837"/>
</kw>
<status status="PASS" start="2024-01-29T23:39:17.561341" elapsed="1.951127"/>
</kw>
<kw name="Verify is on products page" owner="products">
<kw name="Web wait until element text equal" owner="common">
<kw name="Web get text" owner="common">
<kw name="Web wait until element is visible" owner="common">
<kw name="Wait Until Element Is Visible" owner="SeleniumLibrary">
<arg>${locator}</arg>
<arg>${timeout}</arg>
<doc>Waits until the element ``locator`` is visible.</doc>
<status status="PASS" start="2024-01-29T23:39:19.514403" elapsed="0.245416"/>
</kw>
<arg>${locator}</arg>
<status status="PASS" start="2024-01-29T23:39:19.513733" elapsed="0.246215"/>
</kw>
<kw name="Get Text" owner="SeleniumLibrary">
<msg time="2024-01-29T23:39:19.865501" level="INFO">${text} = Products</msg>
<var>${text}</var>
<arg>${locator}</arg>
<doc>Returns the text value of the element identified by ``locator``.</doc>
<status status="PASS" start="2024-01-29T23:39:19.760159" elapsed="0.105379"/>
</kw>
<return>
<value>${text}</value>
<status status="PASS" start="2024-01-29T23:39:19.865607" elapsed="0.000039"/>
</return>
<msg time="2024-01-29T23:39:19.865739" level="INFO">${text} = Products</msg>
<var>${text}</var>
<arg>${locator}</arg>
<status status="PASS" start="2024-01-29T23:39:19.513527" elapsed="0.352226"/>
</kw>
<kw name="Should Be Equal" owner="BuiltIn">
<arg>${text}</arg>
<arg>${expected}</arg>
<arg>msg=Expect '${expected}' but get '${text}'</arg>
<doc>Fails if the given objects are unequal.</doc>
<status status="PASS" start="2024-01-29T23:39:19.865856" elapsed="0.000212"/>
</kw>
<arg>${PRD_title_txt}</arg>
<arg>${products_page.title}</arg>
<status status="PASS" start="2024-01-29T23:39:19.512845" elapsed="0.353268"/>
</kw>
<status status="PASS" start="2024-01-29T23:39:19.512619" elapsed="0.353529"/>
</kw>
<status status="PASS" start="2024-01-29T23:39:08.474952" elapsed="11.391225"/>
</kw>
<kw name="Get item info of a selecting item on products page" owner="products">
<kw name="Get item name of selecting item on products page" owner="products">
<kw name="Web get text after replace text in locator" owner="common">
<kw name="Replace String" owner="String">
<msg time="2024-01-29T23:39:19.867085" level="INFO">${locator} = xpath=(//div[@class="inventory_item"])[1]//div[@class="inventory_item_name "]</msg>
<var>${locator}</var>
<arg>${temp_locator}</arg>
<arg>${search_for}</arg>
<arg>${replace_with}</arg>
<doc>Replaces ``search_for`` in the given ``string`` with ``replace_with``.</doc>
<status status="PASS" start="2024-01-29T23:39:19.866957" elapsed="0.000143"/>
</kw>
<kw name="Web get text" owner="common">
<kw name="Web wait until element is visible" owner="common">
<kw name="Wait Until Element Is Visible" owner="SeleniumLibrary">
<arg>${locator}</arg>
<arg>${timeout}</arg>
<doc>Waits until the element ``locator`` is visible.</doc>
<status status="PASS" start="2024-01-29T23:39:19.867847" elapsed="0.082915"/>
</kw>
<arg>${locator}</arg>
<status status="PASS" start="2024-01-29T23:39:19.867360" elapsed="0.083546"/>
</kw>
<kw name="Get Text" owner="SeleniumLibrary">
<msg time="2024-01-29T23:39:20.097277" level="INFO">${text} = Sauce Labs Backpack</msg>
<var>${text}</var>
<arg>${locator}</arg>
<doc>Returns the text value of the element identified by ``locator``.</doc>
<status status="PASS" start="2024-01-29T23:39:19.951019" elapsed="0.146289"/>
</kw>
<return>
<value>${text}</value>
<status status="PASS" start="2024-01-29T23:39:20.097374" elapsed="0.000032"/>
</return>
<msg time="2024-01-29T23:39:20.097495" level="INFO">${text} = Sauce Labs Backpack</msg>
<var>${text}</var>
<arg>${locator}</arg>
<status status="PASS" start="2024-01-29T23:39:19.867193" elapsed="0.230317"/>
</kw>
<return>
<value>${text}</value>
<status status="PASS" start="2024-01-29T23:39:20.097543" elapsed="0.000019"/>
</return>
<msg time="2024-01-29T23:39:20.097628" level="INFO">${text} = Sauce Labs Backpack</msg>
<var>${text}</var>
<arg>${temp_locator}</arg>
<arg>&lt;item_number&gt;</arg>
<arg>${at_item_number}</arg>
<status status="PASS" start="2024-01-29T23:39:19.866769" elapsed="0.230872"/>
</kw>
<return>
<value>${text}</value>
<status status="PASS" start="2024-01-29T23:39:20.097722" elapsed="0.000027"/>
</return>
<msg time="2024-01-29T23:39:20.097838" level="INFO">${name} = Sauce Labs Backpack</msg>
<var>${name}</var>
<arg>${at_item_number}</arg>
<arg>${PRD_item_name_txt}</arg>
<status status="PASS" start="2024-01-29T23:39:19.866567" elapsed="0.231288"/>
</kw>
<kw name="Get item name of selecting item on products page" owner="products">
<kw name="Web get text after replace text in locator" owner="common">
<kw name="Replace String" owner="String">
<msg time="2024-01-29T23:39:20.098572" level="INFO">${locator} = xpath=(//div[@class="inventory_item"])[1]//div[@class="inventory_item_desc"]</msg>
<var>${locator}</var>
<arg>${temp_locator}</arg>
<arg>${search_for}</arg>
<arg>${replace_with}</arg>
<doc>Replaces ``search_for`` in the given ``string`` with ``replace_with``.</doc>
<status status="PASS" start="2024-01-29T23:39:20.098441" elapsed="0.000147"/>
</kw>
<kw name="Web get text" owner="common">
<kw name="Web wait until element is visible" owner="common">
<kw name="Wait Until Element Is Visible" owner="SeleniumLibrary">
<arg>${locator}</arg>
<arg>${timeout}</arg>
<doc>Waits until the element ``locator`` is visible.</doc>
<status status="PASS" start="2024-01-29T23:39:20.099447" elapsed="0.024172"/>
</kw>
<arg>${locator}</arg>
<status status="PASS" start="2024-01-29T23:39:20.098943" elapsed="0.024766"/>
</kw>
<kw name="Get Text" owner="SeleniumLibrary">
<msg time="2024-01-29T23:39:20.261619" level="INFO">${text} = carry.allTheThings() with the sleek, streamlined Sly Pack that melds uncompromising style with unequaled laptop and tablet protection.</msg>
<var>${text}</var>
<arg>${locator}</arg>
<doc>Returns the text value of the element identified by ``locator``.</doc>
<status status="PASS" start="2024-01-29T23:39:20.123820" elapsed="0.137833"/>
</kw>
<return>
<value>${text}</value>
<status status="PASS" start="2024-01-29T23:39:20.261718" elapsed="0.000031"/>
</return>
<msg time="2024-01-29T23:39:20.261839" level="INFO">${text} = carry.allTheThings() with the sleek, streamlined Sly Pack that melds uncompromising style with unequaled laptop and tablet protection.</msg>
<var>${text}</var>
<arg>${locator}</arg>
<status status="PASS" start="2024-01-29T23:39:20.098684" elapsed="0.163170"/>
</kw>
<return>
<value>${text}</value>
<status status="PASS" start="2024-01-29T23:39:20.261887" elapsed="0.000015"/>
</return>
<msg time="2024-01-29T23:39:20.261965" level="INFO">${text} = carry.allTheThings() with the sleek, streamlined Sly Pack that melds uncompromising style with unequaled laptop and tablet protection.</msg>
<var>${text}</var>
<arg>${temp_locator}</arg>
<arg>&lt;item_number&gt;</arg>
<arg>${at_item_number}</arg>
<status status="PASS" start="2024-01-29T23:39:20.098231" elapsed="0.163748"/>
</kw>
<return>
<value>${text}</value>
<status status="PASS" start="2024-01-29T23:39:20.262012" elapsed="0.000015"/>
</return>
<msg time="2024-01-29T23:39:20.262088" level="INFO">${desc} = carry.allTheThings() with the sleek, streamlined Sly Pack that melds uncompromising style with unequaled laptop and tablet protection.</msg>
<var>${desc}</var>
<arg>${at_item_number}</arg>
<arg>${PRD_item_description_txt}</arg>
<status status="PASS" start="2024-01-29T23:39:20.097988" elapsed="0.164113"/>
</kw>
<kw name="Get item name of selecting item on products page" owner="products">
<kw name="Web get text after replace text in locator" owner="common">
<kw name="Replace String" owner="String">
<msg time="2024-01-29T23:39:20.262854" level="INFO">${locator} = xpath=(//div[@class="inventory_item"])[1]//div[@class="inventory_item_price"]</msg>
<var>${locator}</var>
<arg>${temp_locator}</arg>
<arg>${search_for}</arg>
<arg>${replace_with}</arg>
<doc>Replaces ``search_for`` in the given ``string`` with ``replace_with``.</doc>
<status status="PASS" start="2024-01-29T23:39:20.262706" elapsed="0.000163"/>
</kw>
<kw name="Web get text" owner="common">
<kw name="Web wait until element is visible" owner="common">
<kw name="Wait Until Element Is Visible" owner="SeleniumLibrary">
<arg>${locator}</arg>
<arg>${timeout}</arg>
<doc>Waits until the element ``locator`` is visible.</doc>
<status status="PASS" start="2024-01-29T23:39:20.263725" elapsed="0.021870"/>
</kw>
<arg>${locator}</arg>
<status status="PASS" start="2024-01-29T23:39:20.263224" elapsed="0.022463"/>
</kw>
<kw name="Get Text" owner="SeleniumLibrary">
<msg time="2024-01-29T23:39:20.350604" level="INFO">${text} = $29.99</msg>
<var>${text}</var>
<arg>${locator}</arg>
<doc>Returns the text value of the element identified by ``locator``.</doc>
<status status="PASS" start="2024-01-29T23:39:20.285798" elapsed="0.064836"/>
</kw>
<return>
<value>${text}</value>
<status status="PASS" start="2024-01-29T23:39:20.350699" elapsed="0.000030"/>
</return>
<msg time="2024-01-29T23:39:20.350819" level="INFO">${text} = $29.99</msg>
<var>${text}</var>
<arg>${locator}</arg>
<status status="PASS" start="2024-01-29T23:39:20.262969" elapsed="0.087864"/>
</kw>
<return>
<value>${text}</value>
<status status="PASS" start="2024-01-29T23:39:20.350864" elapsed="0.000016"/>
</return>
<msg time="2024-01-29T23:39:20.350946" level="INFO">${text} = $29.99</msg>
<var>${text}</var>
<arg>${temp_locator}</arg>
<arg>&lt;item_number&gt;</arg>
<arg>${at_item_number}</arg>
<status status="PASS" start="2024-01-29T23:39:20.262471" elapsed="0.088489"/>
</kw>
<return>
<value>${text}</value>
<status status="PASS" start="2024-01-29T23:39:20.350993" elapsed="0.000014"/>
</return>
<msg time="2024-01-29T23:39:20.351075" level="INFO">${price} = $29.99</msg>
<var>${price}</var>
<arg>${at_item_number}</arg>
<arg>${PRD_item_price_txt}</arg>
<status status="PASS" start="2024-01-29T23:39:20.262228" elapsed="0.088860"/>
</kw>
<kw name="Create List" owner="BuiltIn">
<msg time="2024-01-29T23:39:20.351335" level="INFO">${item_list} = ['Sauce Labs Backpack', 'carry.allTheThings() with the sleek, streamlined Sly Pack that melds uncompromising style with unequaled laptop and tablet protection.', '$29.99', '1']</msg>
<var>${item_list}</var>
<arg>${name}</arg>
<arg>${desc}</arg>
<arg>${price}</arg>
<arg>${sample_quantity}</arg>
<doc>Returns a list containing given items.</doc>
<status status="PASS" start="2024-01-29T23:39:20.351188" elapsed="0.000162"/>
</kw>
<return>
<value>${item_list}</value>
<status status="PASS" start="2024-01-29T23:39:20.351388" elapsed="0.000016"/>
</return>
<msg time="2024-01-29T23:39:20.351479" level="INFO">${item1} = ['Sauce Labs Backpack', 'carry.allTheThings() with the sleek, streamlined Sly Pack that melds uncompromising style with unequaled laptop and tablet protection.', '$29.99', '1']</msg>
<var>${item1}</var>
<arg>1</arg>
<status status="PASS" start="2024-01-29T23:39:19.866355" elapsed="0.485138"/>
</kw>
<kw name="Click &quot;add to cart&quot; button of selecting item on products page" owner="products">
<kw name="Web click element after replace text in locator" owner="common">
<kw name="Replace String" owner="String">
<msg time="2024-01-29T23:39:20.352228" level="INFO">${locator} = xpath=(//div[@class="inventory_item"])[1]//button[contains(@id,"add-to-cart")]</msg>
<var>${locator}</var>
<arg>${temp_locator}</arg>
<arg>${search_for}</arg>
<arg>${replace_with}</arg>
<doc>Replaces ``search_for`` in the given ``string`` with ``replace_with``.</doc>
<status status="PASS" start="2024-01-29T23:39:20.352108" elapsed="0.000134"/>
</kw>
<kw name="Web click element" owner="common">
<kw name="Web wait until element is visible" owner="common">
<kw name="Wait Until Element Is Visible" owner="SeleniumLibrary">
<arg>${locator}</arg>
<arg>${timeout}</arg>
<doc>Waits until the element ``locator`` is visible.</doc>
<status status="PASS" start="2024-01-29T23:39:20.352979" elapsed="0.021151"/>
</kw>
<arg>${locator}</arg>
<status status="PASS" start="2024-01-29T23:39:20.352497" elapsed="0.021724"/>
</kw>
<kw name="Click Element" owner="SeleniumLibrary">
<msg time="2024-01-29T23:39:20.374491" level="INFO">Clicking element 'xpath=(//div[@class="inventory_item"])[1]//button[contains(@id,"add-to-cart")]'.</msg>
<arg>${locator}</arg>
<doc>Click the element identified by ``locator``.</doc>
<status status="PASS" start="2024-01-29T23:39:20.374335" elapsed="0.322980"/>
</kw>
<arg>${locator}</arg>
<status status="PASS" start="2024-01-29T23:39:20.352331" elapsed="0.345092"/>
</kw>
<arg>${temp_locator}</arg>
<arg>&lt;item_number&gt;</arg>
<arg>${at_item_number}</arg>
<doc>allow modify text replacement of given locator before execute clicking</doc>
<status status="PASS" start="2024-01-29T23:39:20.351915" elapsed="0.345550"/>
</kw>
<arg>1</arg>
<status status="PASS" start="2024-01-29T23:39:20.351631" elapsed="0.345876"/>
</kw>
<kw name="Verify cart badge's number is shown" owner="cart">
<kw name="Web wait until element text equal" owner="common">
<kw name="Web get text" owner="common">
<kw name="Web wait until element is visible" owner="common">
<kw name="Wait Until Element Is Visible" owner="SeleniumLibrary">
<arg>${locator}</arg>
<arg>${timeout}</arg>
<doc>Waits until the element ``locator`` is visible.</doc>
<status status="PASS" start="2024-01-29T23:39:20.698954" elapsed="0.021251"/>
</kw>
<arg>${locator}</arg>
<status status="PASS" start="2024-01-29T23:39:20.698404" elapsed="0.021913"/>
</kw>
<kw name="Get Text" owner="SeleniumLibrary">
<msg time="2024-01-29T23:39:20.816983" level="INFO">${text} = 1</msg>
<var>${text}</var>
<arg>${locator}</arg>
<doc>Returns the text value of the element identified by ``locator``.</doc>
<status status="PASS" start="2024-01-29T23:39:20.720459" elapsed="0.096559"/>
</kw>
<return>
<value>${text}</value>
<status status="PASS" start="2024-01-29T23:39:20.817096" elapsed="0.000034"/>
</return>
<msg time="2024-01-29T23:39:20.817234" level="INFO">${text} = 1</msg>
<var>${text}</var>
<arg>${locator}</arg>
<status status="PASS" start="2024-01-29T23:39:20.698216" elapsed="0.119033"/>
</kw>
<kw name="Should Be Equal" owner="BuiltIn">
<arg>${text}</arg>
<arg>${expected}</arg>
<arg>msg=Expect '${expected}' but get '${text}'</arg>
<doc>Fails if the given objects are unequal.</doc>
<status status="PASS" start="2024-01-29T23:39:20.817366" elapsed="0.000221"/>
</kw>
<arg>${locator}</arg>
<arg>${expected}</arg>
<status status="PASS" start="2024-01-29T23:39:20.697980" elapsed="0.119696"/>
</kw>
<arg>1</arg>
<status status="PASS" start="2024-01-29T23:39:20.697702" elapsed="0.120058"/>
</kw>
<kw name="Click at item's name to go to item detail page" owner="products">
<kw name="Web click element after replace text in locator" owner="common">
<kw name="Replace String" owner="String">
<msg time="2024-01-29T23:39:20.818595" level="INFO">${locator} = xpath=(//div[@class="inventory_item"])[3]//div[@class="inventory_item_name "]</msg>
<var>${locator}</var>
<arg>${temp_locator}</arg>
<arg>${search_for}</arg>
<arg>${replace_with}</arg>
<doc>Replaces ``search_for`` in the given ``string`` with ``replace_with``.</doc>
<status status="PASS" start="2024-01-29T23:39:20.818446" elapsed="0.000168"/>
</kw>
<kw name="Web click element" owner="common">
<kw name="Web wait until element is visible" owner="common">
<kw name="Wait Until Element Is Visible" owner="SeleniumLibrary">
<arg>${locator}</arg>
<arg>${timeout}</arg>
<doc>Waits until the element ``locator`` is visible.</doc>
<status status="PASS" start="2024-01-29T23:39:20.819478" elapsed="0.014699"/>
</kw>
<arg>${locator}</arg>
<status status="PASS" start="2024-01-29T23:39:20.818940" elapsed="0.015338"/>
</kw>
<kw name="Click Element" owner="SeleniumLibrary">
<msg time="2024-01-29T23:39:20.834582" level="INFO">Clicking element 'xpath=(//div[@class="inventory_item"])[3]//div[@class="inventory_item_name "]'.</msg>
<arg>${locator}</arg>
<doc>Click the element identified by ``locator``.</doc>
<status status="PASS" start="2024-01-29T23:39:20.834402" elapsed="1.079180"/>
</kw>
<arg>${locator}</arg>
<status status="PASS" start="2024-01-29T23:39:20.818725" elapsed="1.094959"/>
</kw>
<arg>${temp_locator}</arg>
<arg>&lt;item_number&gt;</arg>
<arg>${at_item_number}</arg>
<doc>allow modify text replacement of given locator before execute clicking</doc>
<status status="PASS" start="2024-01-29T23:39:20.818215" elapsed="1.095511"/>
</kw>
<arg>3</arg>
<doc>specific selected items by 'at_item_number',  number 1 mean the first item and so on ...</doc>
<status status="PASS" start="2024-01-29T23:39:20.817941" elapsed="1.095828"/>
</kw>
<kw name="Get item info of a selecting item on item detail page" owner="products">
<kw name="Get item name of selecting item on item detail page" owner="products">
<kw name="Web get text" owner="common">
<kw name="Web wait until element is visible" owner="common">
<kw name="Wait Until Element Is Visible" owner="SeleniumLibrary">
<arg>${locator}</arg>
<arg>${timeout}</arg>
<doc>Waits until the element ``locator`` is visible.</doc>
<status status="PASS" start="2024-01-29T23:39:21.915342" elapsed="0.603856"/>
</kw>
<arg>${locator}</arg>
<status status="PASS" start="2024-01-29T23:39:21.914652" elapsed="0.604654"/>
</kw>
<kw name="Get Text" owner="SeleniumLibrary">
<msg time="2024-01-29T23:39:22.630548" level="INFO">${text} = Sauce Labs Bolt T-Shirt</msg>
<var>${text}</var>
<arg>${locator}</arg>
<doc>Returns the text value of the element identified by ``locator``.</doc>
<status status="PASS" start="2024-01-29T23:39:22.519437" elapsed="0.111149"/>
</kw>
<return>
<value>${text}</value>
<status status="PASS" start="2024-01-29T23:39:22.630666" elapsed="0.000035"/>
</return>
<msg time="2024-01-29T23:39:22.630801" level="INFO">${text} = Sauce Labs Bolt T-Shirt</msg>
<var>${text}</var>
<arg>${locator}</arg>
<status status="PASS" start="2024-01-29T23:39:21.914467" elapsed="0.716350"/>
</kw>
<return>
<value>${text}</value>
<status status="PASS" start="2024-01-29T23:39:22.630852" elapsed="0.000018"/>
</return>
<msg time="2024-01-29T23:39:22.630942" level="INFO">${name} = Sauce Labs Bolt T-Shirt</msg>
<var>${name}</var>
<arg>${PITD_item_name_txt}</arg>
<status status="PASS" start="2024-01-29T23:39:21.914242" elapsed="0.716715"/>
</kw>
<kw name="Get item name of selecting item on item detail page" owner="products">
<kw name="Web get text" owner="common">
<kw name="Web wait until element is visible" owner="common">
<kw name="Wait Until Element Is Visible" owner="SeleniumLibrary">
<arg>${locator}</arg>
<arg>${timeout}</arg>
<doc>Waits until the element ``locator`` is visible.</doc>
<status status="PASS" start="2024-01-29T23:39:22.632161" elapsed="0.025612"/>
</kw>
<arg>${locator}</arg>
<status status="PASS" start="2024-01-29T23:39:22.631612" elapsed="0.026262"/>
</kw>
<kw name="Get Text" owner="SeleniumLibrary">
<msg time="2024-01-29T23:39:22.769803" level="INFO">${text} = Get your testing superhero on with the Sauce Labs bolt T-shirt. From American Apparel, 100% ringspun combed cotton, heather gray with red bolt.</msg>
<var>${text}</var>
<arg>${locator}</arg>
<doc>Returns the text value of the element identified by ``locator``.</doc>
<status status="PASS" start="2024-01-29T23:39:22.657996" elapsed="0.111846"/>
</kw>
<return>
<value>${text}</value>
<status status="PASS" start="2024-01-29T23:39:22.769918" elapsed="0.000035"/>
</return>
<msg time="2024-01-29T23:39:22.770123" level="INFO">${text} = Get your testing superhero on with the Sauce Labs bolt T-shirt. From American Apparel, 100% ringspun combed cotton, heather gray with red bolt.</msg>
<var>${text}</var>
<arg>${locator}</arg>
<status status="PASS" start="2024-01-29T23:39:22.631414" elapsed="0.138726"/>
</kw>
<return>
<value>${text}</value>
<status status="PASS" start="2024-01-29T23:39:22.770178" elapsed="0.000019"/>
</return>
<msg time="2024-01-29T23:39:22.770271" level="INFO">${desc} = Get your testing superhero on with the Sauce Labs bolt T-shirt. From American Apparel, 100% ringspun combed cotton, heather gray with red bolt.</msg>
<var>${desc}</var>
<arg>${PITD_item_description_txt}</arg>
<status status="PASS" start="2024-01-29T23:39:22.631156" elapsed="0.139130"/>
</kw>
<kw name="Get item name of selecting item on item detail page" owner="products">
<kw name="Web get text" owner="common">
<kw name="Web wait until element is visible" owner="common">
<kw name="Wait Until Element Is Visible" owner="SeleniumLibrary">
<arg>${locator}</arg>
<arg>${timeout}</arg>
<doc>Waits until the element ``locator`` is visible.</doc>
<status status="PASS" start="2024-01-29T23:39:22.771383" elapsed="0.029740"/>
</kw>
<arg>${locator}</arg>
<status status="PASS" start="2024-01-29T23:39:22.770846" elapsed="0.030378"/>
</kw>
<kw name="Get Text" owner="SeleniumLibrary">
<msg time="2024-01-29T23:39:22.903756" level="INFO">${text} = $15.99</msg>
<var>${text}</var>
<arg>${locator}</arg>
<doc>Returns the text value of the element identified by ``locator``.</doc>
<status status="PASS" start="2024-01-29T23:39:22.801349" elapsed="0.102441"/>
</kw>
<return>
<value>${text}</value>
<status status="PASS" start="2024-01-29T23:39:22.903861" elapsed="0.000035"/>
</return>
<msg time="2024-01-29T23:39:22.903996" level="INFO">${text} = $15.99</msg>
<var>${text}</var>
<arg>${locator}</arg>
<status status="PASS" start="2024-01-29T23:39:22.770663" elapsed="0.133348"/>
</kw>
<return>
<value>${text}</value>
<status status="PASS" start="2024-01-29T23:39:22.904046" elapsed="0.000017"/>
</return>
<msg time="2024-01-29T23:39:22.904136" level="INFO">${price} = $15.99</msg>
<var>${price}</var>
<arg>${PITD_item_price_txt}</arg>
<status status="PASS" start="2024-01-29T23:39:22.770425" elapsed="0.133725"/>
</kw>
<kw name="Create List" owner="BuiltIn">
<msg time="2024-01-29T23:39:22.904427" level="INFO">${item_list} = ['Sauce Labs Bolt T-Shirt', 'Get your testing superhero on with the Sauce Labs bolt T-shirt. From American Apparel, 100% ringspun combed cotton, heather gray with red bolt.', '$15.99', '1']</msg>
<var>${item_list}</var>
<arg>${name}</arg>
<arg>${desc}</arg>
<arg>${price}</arg>
<arg>${sample_quantity}</arg>
<doc>Returns a list containing given items.</doc>
<status status="PASS" start="2024-01-29T23:39:22.904262" elapsed="0.000181"/>
</kw>
<return>
<value>${item_list}</value>
<status status="PASS" start="2024-01-29T23:39:22.904488" elapsed="0.000021"/>
</return>
<msg time="2024-01-29T23:39:22.904583" level="INFO">${item2} = ['Sauce Labs Bolt T-Shirt', 'Get your testing superhero on with the Sauce Labs bolt T-shirt. From American Apparel, 100% ringspun combed cotton, heather gray with red bolt.', '$15.99', '1']</msg>
<var>${item2}</var>
<status status="PASS" start="2024-01-29T23:39:21.913991" elapsed="0.990606"/>
</kw>
<kw name="Click &quot;add to cart&quot; button on item detail page" owner="products">
<kw name="Web click element" owner="common">
<kw name="Web wait until element is visible" owner="common">
<kw name="Wait Until Element Is Visible" owner="SeleniumLibrary">
<arg>${locator}</arg>
<arg>${timeout}</arg>
<doc>Waits until the element ``locator`` is visible.</doc>
<status status="PASS" start="2024-01-29T23:39:22.905703" elapsed="0.015400"/>
</kw>
<arg>${locator}</arg>
<status status="PASS" start="2024-01-29T23:39:22.905180" elapsed="0.016028"/>
</kw>
<kw name="Click Element" owner="SeleniumLibrary">
<msg time="2024-01-29T23:39:22.921531" level="INFO">Clicking element 'xpath=//div[@class="inventory_details_desc_container"]//button[contains(@id,"add-to-cart")]'.</msg>
<arg>${locator}</arg>
<doc>Click the element identified by ``locator``.</doc>
<status status="PASS" start="2024-01-29T23:39:22.921344" elapsed="0.624514"/>
</kw>
<arg>${locator}</arg>
<status status="PASS" start="2024-01-29T23:39:22.905002" elapsed="0.640958"/>
</kw>
<status status="PASS" start="2024-01-29T23:39:22.904761" elapsed="0.641242"/>
</kw>
<kw name="Verify cart badge's number is shown" owner="cart">
<kw name="Web wait until element text equal" owner="common">
<kw name="Web get text" owner="common">
<kw name="Web wait until element is visible" owner="common">
<kw name="Wait Until Element Is Visible" owner="SeleniumLibrary">
<arg>${locator}</arg>
<arg>${timeout}</arg>
<doc>Waits until the element ``locator`` is visible.</doc>
<status status="PASS" start="2024-01-29T23:39:23.547509" elapsed="0.136943"/>
</kw>
<arg>${locator}</arg>
<status status="PASS" start="2024-01-29T23:39:23.546935" elapsed="0.137621"/>
</kw>
<kw name="Get Text" owner="SeleniumLibrary">
<msg time="2024-01-29T23:39:23.701153" level="INFO">${text} = 2</msg>
<var>${text}</var>
<arg>${locator}</arg>
<doc>Returns the text value of the element identified by ``locator``.</doc>
<status status="PASS" start="2024-01-29T23:39:23.684679" elapsed="0.016510"/>
</kw>
<return>
<value>${text}</value>
<status status="PASS" start="2024-01-29T23:39:23.701262" elapsed="0.000036"/>
</return>
<msg time="2024-01-29T23:39:23.701396" level="INFO">${text} = 2</msg>
<var>${text}</var>
<arg>${locator}</arg>
<status status="PASS" start="2024-01-29T23:39:23.546679" elapsed="0.154733"/>
</kw>
<kw name="Should Be Equal" owner="BuiltIn">
<arg>${text}</arg>
<arg>${expected}</arg>
<arg>msg=Expect '${expected}' but get '${text}'</arg>
<doc>Fails if the given objects are unequal.</doc>
<status status="PASS" start="2024-01-29T23:39:23.701527" elapsed="0.000215"/>
</kw>
<arg>${locator}</arg>
<arg>${expected}</arg>
<status status="PASS" start="2024-01-29T23:39:23.546458" elapsed="0.155332"/>
</kw>
<arg>2</arg>
<status status="PASS" start="2024-01-29T23:39:23.546188" elapsed="0.155641"/>
</kw>
<kw name="Click &quot;back to products&quot; button on item detail page" owner="products">
<kw name="Web click element" owner="common">
<kw name="Web wait until element is visible" owner="common">
<kw name="Wait Until Element Is Visible" owner="SeleniumLibrary">
<arg>${locator}</arg>
<arg>${timeout}</arg>
<doc>Waits until the element ``locator`` is visible.</doc>
<status status="PASS" start="2024-01-29T23:39:23.702923" elapsed="0.014482"/>
</kw>
<arg>${locator}</arg>
<status status="PASS" start="2024-01-29T23:39:23.702401" elapsed="0.015102"/>
</kw>
<kw name="Click Element" owner="SeleniumLibrary">
<msg time="2024-01-29T23:39:23.717790" level="INFO">Clicking element 'id=back-to-products'.</msg>
<arg>${locator}</arg>
<doc>Click the element identified by ``locator``.</doc>
<status status="PASS" start="2024-01-29T23:39:23.717627" elapsed="0.548956"/>
</kw>
<arg>${locator}</arg>
<status status="PASS" start="2024-01-29T23:39:23.702215" elapsed="0.564489"/>
</kw>
<status status="PASS" start="2024-01-29T23:39:23.701984" elapsed="0.564764"/>
</kw>
<kw name="Click at item's image to go to item detail page" owner="products">
<kw name="Web click element after replace text in locator" owner="common">
<kw name="Replace String" owner="String">
<msg time="2024-01-29T23:39:24.267623" level="INFO">${locator} = xpath=(//div[@class="inventory_item"])[4]//div[@class="inventory_item_img"]</msg>
<var>${locator}</var>
<arg>${temp_locator}</arg>
<arg>${search_for}</arg>
<arg>${replace_with}</arg>
<doc>Replaces ``search_for`` in the given ``string`` with ``replace_with``.</doc>
<status status="PASS" start="2024-01-29T23:39:24.267475" elapsed="0.000167"/>
</kw>
<kw name="Web click element" owner="common">
<kw name="Web wait until element is visible" owner="common">
<kw name="Wait Until Element Is Visible" owner="SeleniumLibrary">
<arg>${locator}</arg>
<arg>${timeout}</arg>
<doc>Waits until the element ``locator`` is visible.</doc>
<status status="PASS" start="2024-01-29T23:39:24.268504" elapsed="0.034554"/>
</kw>
<arg>${locator}</arg>
<status status="PASS" start="2024-01-29T23:39:24.267928" elapsed="0.035305"/>
</kw>
<kw name="Click Element" owner="SeleniumLibrary">
<msg time="2024-01-29T23:39:24.303525" level="INFO">Clicking element 'xpath=(//div[@class="inventory_item"])[4]//div[@class="inventory_item_img"]'.</msg>
<arg>${locator}</arg>
<doc>Click the element identified by ``locator``.</doc>
<status status="PASS" start="2024-01-29T23:39:24.303359" elapsed="0.256020"/>
</kw>
<arg>${locator}</arg>
<status status="PASS" start="2024-01-29T23:39:24.267748" elapsed="0.291840"/>
</kw>
<arg>${temp_locator}</arg>
<arg>&lt;item_number&gt;</arg>
<arg>${at_item_number}</arg>
<doc>allow modify text replacement of given locator before execute clicking</doc>
<status status="PASS" start="2024-01-29T23:39:24.267245" elapsed="0.292400"/>
</kw>
<arg>4</arg>
<doc>specific selected items by 'at_item_number',  number 1 mean the first item and so on ...</doc>
<status status="PASS" start="2024-01-29T23:39:24.266970" elapsed="0.292728"/>
</kw>
<kw name="Get item info of a selecting item on item detail page" owner="products">
<kw name="Get item name of selecting item on item detail page" owner="products">
<kw name="Web get text" owner="common">
<kw name="Web wait until element is visible" owner="common">
<kw name="Wait Until Element Is Visible" owner="SeleniumLibrary">
<arg>${locator}</arg>
<arg>${timeout}</arg>
<doc>Waits until the element ``locator`` is visible.</doc>
<status status="PASS" start="2024-01-29T23:39:24.561299" elapsed="0.067344"/>
</kw>
<arg>${locator}</arg>
<status status="PASS" start="2024-01-29T23:39:24.560695" elapsed="0.068058"/>
</kw>
<kw name="Get Text" owner="SeleniumLibrary">
<msg time="2024-01-29T23:39:24.643749" level="INFO">${text} = Sauce Labs Fleece Jacket</msg>
<var>${text}</var>
<arg>${locator}</arg>
<doc>Returns the text value of the element identified by ``locator``.</doc>
<status status="PASS" start="2024-01-29T23:39:24.628885" elapsed="0.014899"/>
</kw>
<return>
<value>${text}</value>
<status status="PASS" start="2024-01-29T23:39:24.643857" elapsed="0.000038"/>
</return>
<msg time="2024-01-29T23:39:24.643992" level="INFO">${text} = Sauce Labs Fleece Jacket</msg>
<var>${text}</var>
<arg>${locator}</arg>
<status status="PASS" start="2024-01-29T23:39:24.560507" elapsed="0.083500"/>
</kw>
<return>
<value>${text}</value>
<status status="PASS" start="2024-01-29T23:39:24.644043" elapsed="0.000017"/>
</return>
<msg time="2024-01-29T23:39:24.644131" level="INFO">${name} = Sauce Labs Fleece Jacket</msg>
<var>${name}</var>
<arg>${PITD_item_name_txt}</arg>
<status status="PASS" start="2024-01-29T23:39:24.560271" elapsed="0.083874"/>
</kw>
<kw name="Get item name of selecting item on item detail page" owner="products">
<kw name="Web get text" owner="common">
<kw name="Web wait until element is visible" owner="common">
<kw name="Wait Until Element Is Visible" owner="SeleniumLibrary">
<arg>${locator}</arg>
<arg>${timeout}</arg>
<doc>Waits until the element ``locator`` is visible.</doc>
<status status="PASS" start="2024-01-29T23:39:24.645251" elapsed="0.107464"/>
</kw>
<arg>${locator}</arg>
<status status="PASS" start="2024-01-29T23:39:24.644706" elapsed="0.108111"/>
</kw>
<kw name="Get Text" owner="SeleniumLibrary">
<msg time="2024-01-29T23:39:24.780053" level="INFO">${text} = It's not every day that you come across a midweight quarter-zip fleece jacket capable of handling everything from a relaxing day outdoors to a busy day at the office.</msg>
<var>${text}</var>
<arg>${locator}</arg>
<doc>Returns the text value of the element identified by ``locator``.</doc>
<status status="PASS" start="2024-01-29T23:39:24.752943" elapsed="0.027147"/>
</kw>
<return>
<value>${text}</value>
<status status="PASS" start="2024-01-29T23:39:24.780169" elapsed="0.000039"/>
</return>
<msg time="2024-01-29T23:39:24.780381" level="INFO">${text} = It's not every day that you come across a midweight quarter-zip fleece jacket capable of handling everything from a relaxing day outdoors to a busy day at the office.</msg>
<var>${text}</var>
<arg>${locator}</arg>
<status status="PASS" start="2024-01-29T23:39:24.644521" elapsed="0.135883"/>
</kw>
<return>
<value>${text}</value>
<status status="PASS" start="2024-01-29T23:39:24.780453" elapsed="0.000023"/>
</return>
<msg time="2024-01-29T23:39:24.780559" level="INFO">${desc} = It's not every day that you come across a midweight quarter-zip fleece jacket capable of handling everything from a relaxing day outdoors to a busy day at the office.</msg>
<var>${desc}</var>
<arg>${PITD_item_description_txt}</arg>
<status status="PASS" start="2024-01-29T23:39:24.644287" elapsed="0.136288"/>
</kw>
<kw name="Get item name of selecting item on item detail page" owner="products">
<kw name="Web get text" owner="common">
<kw name="Web wait until element is visible" owner="common">
<kw name="Wait Until Element Is Visible" owner="SeleniumLibrary">
<arg>${locator}</arg>
<arg>${timeout}</arg>
<doc>Waits until the element ``locator`` is visible.</doc>
<status status="PASS" start="2024-01-29T23:39:24.781677" elapsed="0.034513"/>
</kw>
<arg>${locator}</arg>
<status status="PASS" start="2024-01-29T23:39:24.781135" elapsed="0.035158"/>
</kw>
<kw name="Get Text" owner="SeleniumLibrary">
<msg time="2024-01-29T23:39:24.826343" level="INFO">${text} = $49.99</msg>
<var>${text}</var>
<arg>${locator}</arg>
<doc>Returns the text value of the element identified by ``locator``.</doc>
<status status="PASS" start="2024-01-29T23:39:24.816419" elapsed="0.009958"/>
</kw>
<return>
<value>${text}</value>
<status status="PASS" start="2024-01-29T23:39:24.826460" elapsed="0.000060"/>
</return>
<msg time="2024-01-29T23:39:24.826666" level="INFO">${text} = $49.99</msg>
<var>${text}</var>
<arg>${locator}</arg>
<status status="PASS" start="2024-01-29T23:39:24.780951" elapsed="0.045734"/>
</kw>
<return>
<value>${text}</value>
<status status="PASS" start="2024-01-29T23:39:24.826727" elapsed="0.000018"/>
</return>
<msg time="2024-01-29T23:39:24.826824" level="INFO">${price} = $49.99</msg>
<var>${price}</var>
<arg>${PITD_item_price_txt}</arg>
<status status="PASS" start="2024-01-29T23:39:24.780714" elapsed="0.046124"/>
</kw>
<kw name="Create List" owner="BuiltIn">
<msg time="2024-01-29T23:39:24.827220" level="INFO">${item_list} = ['Sauce Labs Fleece Jacket', "It's not every day that you come across a midweight quarter-zip fleece jacket capable of handling everything from a relaxing day outdoors to a busy day at the office.", '...</msg>
<var>${item_list}</var>
<arg>${name}</arg>
<arg>${desc}</arg>
<arg>${price}</arg>
<arg>${sample_quantity}</arg>
<doc>Returns a list containing given items.</doc>
<status status="PASS" start="2024-01-29T23:39:24.827033" elapsed="0.000204"/>
</kw>
<return>
<value>${item_list}</value>
<status status="PASS" start="2024-01-29T23:39:24.827298" elapsed="0.000021"/>
</return>
<msg time="2024-01-29T23:39:24.827396" level="INFO">${item3} = ['Sauce Labs Fleece Jacket', "It's not every day that you come across a midweight quarter-zip fleece jacket capable of handling everything from a relaxing day outdoors to a busy day at the office.", '...</msg>
<var>${item3}</var>
<status status="PASS" start="2024-01-29T23:39:24.559992" elapsed="0.267419"/>
</kw>
<kw name="Click &quot;add to cart&quot; button on item detail page" owner="products">
<kw name="Web click element" owner="common">
<kw name="Web wait until element is visible" owner="common">
<kw name="Wait Until Element Is Visible" owner="SeleniumLibrary">
<arg>${locator}</arg>
<arg>${timeout}</arg>
<doc>Waits until the element ``locator`` is visible.</doc>
<status status="PASS" start="2024-01-29T23:39:24.828573" elapsed="0.070804"/>
</kw>
<arg>${locator}</arg>
<status status="PASS" start="2024-01-29T23:39:24.827964" elapsed="0.071519"/>
</kw>
<kw name="Click Element" owner="SeleniumLibrary">
<msg time="2024-01-29T23:39:24.899782" level="INFO">Clicking element 'xpath=//div[@class="inventory_details_desc_container"]//button[contains(@id,"add-to-cart")]'.</msg>
<arg>${locator}</arg>
<doc>Click the element identified by ``locator``.</doc>
<status status="PASS" start="2024-01-29T23:39:24.899611" elapsed="0.288233"/>
</kw>
<arg>${locator}</arg>
<status status="PASS" start="2024-01-29T23:39:24.827786" elapsed="0.360224"/>
</kw>
<status status="PASS" start="2024-01-29T23:39:24.827559" elapsed="0.360495"/>
</kw>
<kw name="Verify cart badge's number is shown" owner="cart">
<kw name="Web wait until element text equal" owner="common">
<kw name="Web get text" owner="common">
<kw name="Web wait until element is visible" owner="common">
<kw name="Wait Until Element Is Visible" owner="SeleniumLibrary">
<arg>${locator}</arg>
<arg>${timeout}</arg>
<doc>Waits until the element ``locator`` is visible.</doc>
<status status="PASS" start="2024-01-29T23:39:25.189518" elapsed="0.040118"/>
</kw>
<arg>${locator}</arg>
<status status="PASS" start="2024-01-29T23:39:25.188961" elapsed="0.040780"/>
</kw>
<kw name="Get Text" owner="SeleniumLibrary">
<msg time="2024-01-29T23:39:25.243530" level="INFO">${text} = 3</msg>
<var>${text}</var>
<arg>${locator}</arg>
<doc>Returns the text value of the element identified by ``locator``.</doc>
<status status="PASS" start="2024-01-29T23:39:25.229865" elapsed="0.013732"/>
</kw>
<return>
<value>${text}</value>
<status status="PASS" start="2024-01-29T23:39:25.243725" elapsed="0.000035"/>
</return>
<msg time="2024-01-29T23:39:25.243859" level="INFO">${text} = 3</msg>
<var>${text}</var>
<arg>${locator}</arg>
<status status="PASS" start="2024-01-29T23:39:25.188771" elapsed="0.055103"/>
</kw>
<kw name="Should Be Equal" owner="BuiltIn">
<arg>${text}</arg>
<arg>${expected}</arg>
<arg>msg=Expect '${expected}' but get '${text}'</arg>
<doc>Fails if the given objects are unequal.</doc>
<status status="PASS" start="2024-01-29T23:39:25.243991" elapsed="0.000218"/>
</kw>
<arg>${locator}</arg>
<arg>${expected}</arg>
<status status="PASS" start="2024-01-29T23:39:25.188523" elapsed="0.055738"/>
</kw>
<arg>3</arg>
<status status="PASS" start="2024-01-29T23:39:25.188236" elapsed="0.056068"/>
</kw>
<kw name="Click at &quot;cart&quot; icon to go to cart page" owner="cart">
<kw name="Web click element" owner="common">
<kw name="Web wait until element is visible" owner="common">
<kw name="Wait Until Element Is Visible" owner="SeleniumLibrary">
<arg>${locator}</arg>
<arg>${timeout}</arg>
<doc>Waits until the element ``locator`` is visible.</doc>
<status status="PASS" start="2024-01-29T23:39:25.245466" elapsed="0.017352"/>
</kw>
<arg>${locator}</arg>
<status status="PASS" start="2024-01-29T23:39:25.244928" elapsed="0.017990"/>
</kw>
<kw name="Click Element" owner="SeleniumLibrary">
<msg time="2024-01-29T23:39:25.263215" level="INFO">Clicking element 'xpath=//div[@id="shopping_cart_container"]//a[@class="shopping_cart_link"]'.</msg>
<arg>${locator}</arg>
<doc>Click the element identified by ``locator``.</doc>
<status status="PASS" start="2024-01-29T23:39:25.263045" elapsed="2.192296"/>
</kw>
<arg>${locator}</arg>
<status status="PASS" start="2024-01-29T23:39:25.244738" elapsed="2.210703"/>
</kw>
<status status="PASS" start="2024-01-29T23:39:25.244485" elapsed="2.210999"/>
</kw>
<kw name="Verify is on cart page" owner="cart">
<kw name="Web wait until element text equal" owner="common">
<kw name="Web get text" owner="common">
<kw name="Web wait until element is visible" owner="common">
<kw name="Wait Until Element Is Visible" owner="SeleniumLibrary">
<arg>${locator}</arg>
<arg>${timeout}</arg>
<doc>Waits until the element ``locator`` is visible.</doc>
<status status="PASS" start="2024-01-29T23:39:27.457293" elapsed="1.918499"/>
</kw>
<arg>${locator}</arg>
<status status="PASS" start="2024-01-29T23:39:27.456772" elapsed="1.919121"/>
</kw>
<kw name="Get Text" owner="SeleniumLibrary">
<msg time="2024-01-29T23:39:29.463153" level="INFO">${text} = Your Cart</msg>
<var>${text}</var>
<arg>${locator}</arg>
<doc>Returns the text value of the element identified by ``locator``.</doc>
<status status="PASS" start="2024-01-29T23:39:29.376029" elapsed="0.087188"/>
</kw>
<return>
<value>${text}</value>
<status status="PASS" start="2024-01-29T23:39:29.463369" elapsed="0.000036"/>
</return>
<msg time="2024-01-29T23:39:29.463504" level="INFO">${text} = Your Cart</msg>
<var>${text}</var>
<arg>${locator}</arg>
<status status="PASS" start="2024-01-29T23:39:27.456595" elapsed="2.006926"/>
</kw>
<kw name="Should Be Equal" owner="BuiltIn">
<arg>${text}</arg>
<arg>${expected}</arg>
<arg>msg=Expect '${expected}' but get '${text}'</arg>
<doc>Fails if the given objects are unequal.</doc>
<status status="PASS" start="2024-01-29T23:39:29.463654" elapsed="0.000219"/>
</kw>
<arg>${locator}</arg>
<arg>expected=${cart_title}</arg>
<status status="PASS" start="2024-01-29T23:39:27.456330" elapsed="2.007596"/>
</kw>
<status status="PASS" start="2024-01-29T23:39:27.455677" elapsed="2.008288"/>
</kw>
<kw name="Verify an item info of given list at cart page" owner="cart">
<kw name="Verify item name of given number should equal at cart page" owner="cart">
<kw name="_Is item locator of given number equal" owner="cart">
<kw name="Web wait until element text equal after replace text in locator" owner="common">
<kw name="Replace String" owner="String">
<msg time="2024-01-29T23:39:29.465234" level="INFO">${locator} = xpath=(//div[@class="cart_item"])[1]//div[@class="inventory_item_name"]</msg>
<var>${locator}</var>
<arg>${temp_locator}</arg>
<arg>${search_for}</arg>
<arg>${replace_with}</arg>
<doc>Replaces ``search_for`` in the given ``string`` with ``replace_with``.</doc>
<status status="PASS" start="2024-01-29T23:39:29.465095" elapsed="0.000158"/>
</kw>
<kw name="Web wait until element text equal" owner="common">
<kw name="Web get text" owner="common">
<kw name="Web wait until element is visible" owner="common">
<kw name="Wait Until Element Is Visible" owner="SeleniumLibrary">
<arg>${locator}</arg>
<arg>${timeout}</arg>
<doc>Waits until the element ``locator`` is visible.</doc>
<status status="PASS" start="2024-01-29T23:39:29.466399" elapsed="0.014420"/>
</kw>
<arg>${locator}</arg>
<status status="PASS" start="2024-01-29T23:39:29.465760" elapsed="0.015166"/>
</kw>
<kw name="Get Text" owner="SeleniumLibrary">
<msg time="2024-01-29T23:39:29.607596" level="INFO">${text} = Sauce Labs Backpack</msg>
<var>${text}</var>
<arg>${locator}</arg>
<doc>Returns the text value of the element identified by ``locator``.</doc>
<status status="PASS" start="2024-01-29T23:39:29.481057" elapsed="0.126573"/>
</kw>
<return>
<value>${text}</value>
<status status="PASS" start="2024-01-29T23:39:29.607708" elapsed="0.000037"/>
</return>
<msg time="2024-01-29T23:39:29.607844" level="INFO">${text} = Sauce Labs Backpack</msg>
<var>${text}</var>
<arg>${locator}</arg>
<status status="PASS" start="2024-01-29T23:39:29.465571" elapsed="0.142288"/>
</kw>
<kw name="Should Be Equal" owner="BuiltIn">
<arg>${text}</arg>
<arg>${expected}</arg>
<arg>msg=Expect '${expected}' but get '${text}'</arg>
<doc>Fails if the given objects are unequal.</doc>
<status status="PASS" start="2024-01-29T23:39:29.607975" elapsed="0.000222"/>
</kw>
<arg>${locator}</arg>
<arg>${expected}</arg>
<status status="PASS" start="2024-01-29T23:39:29.465357" elapsed="0.142893"/>
</kw>
<arg>${temp_locator}</arg>
<arg>&lt;item_number&gt;</arg>
<arg>${at_item_number}</arg>
<arg>${expected}</arg>
<status status="PASS" start="2024-01-29T23:39:29.464862" elapsed="0.143426"/>
</kw>
<arg>${at_item_number}</arg>
<arg>${expected}</arg>
<arg>${temp_locator}</arg>
<tag>robot:private</tag>
<status status="PASS" start="2024-01-29T23:39:29.464627" elapsed="0.143699"/>
</kw>
<arg>${at_item_number}</arg>
<arg>${expected_list}[0]</arg>
<status status="PASS" start="2024-01-29T23:39:29.464367" elapsed="0.143998"/>
</kw>
<kw name="Verify item description of given number should equal at cart page" owner="cart">
<kw name="_Is item locator of given number equal" owner="cart">
<kw name="Web wait until element text equal after replace text in locator" owner="common">
<kw name="Replace String" owner="String">
<msg time="2024-01-29T23:39:29.609394" level="INFO">${locator} = xpath=(//div[@class="cart_item"])[1]//div[@class="inventory_item_desc"]</msg>
<var>${locator}</var>
<arg>${temp_locator}</arg>
<arg>${search_for}</arg>
<arg>${replace_with}</arg>
<doc>Replaces ``search_for`` in the given ``string`` with ``replace_with``.</doc>
<status status="PASS" start="2024-01-29T23:39:29.609259" elapsed="0.000153"/>
</kw>
<kw name="Web wait until element text equal" owner="common">
<kw name="Web get text" owner="common">
<kw name="Web wait until element is visible" owner="common">
<kw name="Wait Until Element Is Visible" owner="SeleniumLibrary">
<arg>${locator}</arg>
<arg>${timeout}</arg>
<doc>Waits until the element ``locator`` is visible.</doc>
<status status="PASS" start="2024-01-29T23:39:29.611584" elapsed="0.012991"/>
</kw>
<arg>${locator}</arg>
<status status="PASS" start="2024-01-29T23:39:29.611065" elapsed="0.013608"/>
</kw>
<kw name="Get Text" owner="SeleniumLibrary">
<msg time="2024-01-29T23:39:29.753522" level="INFO">${text} = carry.allTheThings() with the sleek, streamlined Sly Pack that melds uncompromising style with unequaled laptop and tablet protection.</msg>
<var>${text}</var>
<arg>${locator}</arg>
<doc>Returns the text value of the element identified by ``locator``.</doc>
<status status="PASS" start="2024-01-29T23:39:29.624798" elapsed="0.128761"/>
</kw>
<return>
<value>${text}</value>
<status status="PASS" start="2024-01-29T23:39:29.753628" elapsed="0.000035"/>
</return>
<msg time="2024-01-29T23:39:29.753759" level="INFO">${text} = carry.allTheThings() with the sleek, streamlined Sly Pack that melds uncompromising style with unequaled laptop and tablet protection.</msg>
<var>${text}</var>
<arg>${locator}</arg>
<status status="PASS" start="2024-01-29T23:39:29.610885" elapsed="0.142890"/>
</kw>
<kw name="Should Be Equal" owner="BuiltIn">
<arg>${text}</arg>
<arg>${expected}</arg>
<arg>msg=Expect '${expected}' but get '${text}'</arg>
<doc>Fails if the given objects are unequal.</doc>
<status status="PASS" start="2024-01-29T23:39:29.753887" elapsed="0.000229"/>
</kw>
<arg>${locator}</arg>
<arg>${expected}</arg>
<status status="PASS" start="2024-01-29T23:39:29.610645" elapsed="0.143523"/>
</kw>
<arg>${temp_locator}</arg>
<arg>&lt;item_number&gt;</arg>
<arg>${at_item_number}</arg>
<arg>${expected}</arg>
<status status="PASS" start="2024-01-29T23:39:29.609028" elapsed="0.145178"/>
</kw>
<arg>${at_item_number}</arg>
<arg>${expected}</arg>
<arg>${temp_locator}</arg>
<tag>robot:private</tag>
<status status="PASS" start="2024-01-29T23:39:29.608773" elapsed="0.145470"/>
</kw>
<arg>${at_item_number}</arg>
<arg>${expected_list}[1]</arg>
<status status="PASS" start="2024-01-29T23:39:29.608478" elapsed="0.145802"/>
</kw>
<kw name="Verify item price of given number should equal at cart page" owner="cart">
<kw name="_Is item locator of given number equal" owner="cart">
<kw name="Web wait until element text equal after replace text in locator" owner="common">
<kw name="Replace String" owner="String">
<msg time="2024-01-29T23:39:29.755300" level="INFO">${locator} = xpath=(//div[@class="cart_item"])[1]//div[@class="inventory_item_price"]</msg>
<var>${locator}</var>
<arg>${temp_locator}</arg>
<arg>${search_for}</arg>
<arg>${replace_with}</arg>
<doc>Replaces ``search_for`` in the given ``string`` with ``replace_with``.</doc>
<status status="PASS" start="2024-01-29T23:39:29.755167" elapsed="0.000151"/>
</kw>
<kw name="Web wait until element text equal" owner="common">
<kw name="Web get text" owner="common">
<kw name="Web wait until element is visible" owner="common">
<kw name="Wait Until Element Is Visible" owner="SeleniumLibrary">
<arg>${locator}</arg>
<arg>${timeout}</arg>
<doc>Waits until the element ``locator`` is visible.</doc>
<status status="PASS" start="2024-01-29T23:39:29.756532" elapsed="0.023334"/>
</kw>
<arg>${locator}</arg>
<status status="PASS" start="2024-01-29T23:39:29.755947" elapsed="0.024017"/>
</kw>
<kw name="Get Text" owner="SeleniumLibrary">
<msg time="2024-01-29T23:39:29.880681" level="INFO">${text} = $29.99</msg>
<var>${text}</var>
<arg>${locator}</arg>
<doc>Returns the text value of the element identified by ``locator``.</doc>
<status status="PASS" start="2024-01-29T23:39:29.780079" elapsed="0.100633"/>
</kw>
<return>
<value>${text}</value>
<status status="PASS" start="2024-01-29T23:39:29.880778" elapsed="0.000029"/>
</return>
<msg time="2024-01-29T23:39:29.880895" level="INFO">${text} = $29.99</msg>
<var>${text}</var>
<arg>${locator}</arg>
<status status="PASS" start="2024-01-29T23:39:29.755761" elapsed="0.125149"/>
</kw>
<kw name="Should Be Equal" owner="BuiltIn">
<arg>${text}</arg>
<arg>${expected}</arg>
<arg>msg=Expect '${expected}' but get '${text}'</arg>
<doc>Fails if the given objects are unequal.</doc>
<status status="PASS" start="2024-01-29T23:39:29.881013" elapsed="0.000203"/>
</kw>
<arg>${locator}</arg>
<arg>${expected}</arg>
<status status="PASS" start="2024-01-29T23:39:29.755419" elapsed="0.125842"/>
</kw>
<arg>${temp_locator}</arg>
<arg>&lt;item_number&gt;</arg>
<arg>${at_item_number}</arg>
<arg>${expected}</arg>
<status status="PASS" start="2024-01-29T23:39:29.754944" elapsed="0.126351"/>
</kw>
<arg>${at_item_number}</arg>
<arg>${expected}</arg>
<arg>${temp_locator}</arg>
<tag>robot:private</tag>
<status status="PASS" start="2024-01-29T23:39:29.754699" elapsed="0.126630"/>
</kw>
<arg>${at_item_number}</arg>
<arg>${expected_list}[2]</arg>
<status status="PASS" start="2024-01-29T23:39:29.754393" elapsed="0.126971"/>
</kw>
<kw name="Verify item quantity of given number should equal at cart page" owner="cart">
<kw name="_Is item locator of given number equal" owner="cart">
<kw name="Web wait until element text equal after replace text in locator" owner="common">
<kw name="Replace String" owner="String">
<msg time="2024-01-29T23:39:29.882260" level="INFO">${locator} = xpath=(//div[@class="cart_item"])[1]/div[@class="cart_quantity"]</msg>
<var>${locator}</var>
<arg>${temp_locator}</arg>
<arg>${search_for}</arg>
<arg>${replace_with}</arg>
<doc>Replaces ``search_for`` in the given ``string`` with ``replace_with``.</doc>
<status status="PASS" start="2024-01-29T23:39:29.882140" elapsed="0.000135"/>
</kw>
<kw name="Web wait until element text equal" owner="common">
<kw name="Web get text" owner="common">
<kw name="Web wait until element is visible" owner="common">
<kw name="Wait Until Element Is Visible" owner="SeleniumLibrary">
<arg>${locator}</arg>
<arg>${timeout}</arg>
<doc>Waits until the element ``locator`` is visible.</doc>
<status status="PASS" start="2024-01-29T23:39:29.883193" elapsed="0.035172"/>
</kw>
<arg>${locator}</arg>
<status status="PASS" start="2024-01-29T23:39:29.882717" elapsed="0.035734"/>
</kw>
<kw name="Get Text" owner="SeleniumLibrary">
<msg time="2024-01-29T23:39:30.018668" level="INFO">${text} = 1</msg>
<var>${text}</var>
<arg>${locator}</arg>
<doc>Returns the text value of the element identified by ``locator``.</doc>
<status status="PASS" start="2024-01-29T23:39:29.918561" elapsed="0.100138"/>
</kw>
<return>
<value>${text}</value>
<status status="PASS" start="2024-01-29T23:39:30.018762" elapsed="0.000030"/>
</return>
<msg time="2024-01-29T23:39:30.018878" level="INFO">${text} = 1</msg>
<var>${text}</var>
<arg>${locator}</arg>
<status status="PASS" start="2024-01-29T23:39:29.882560" elapsed="0.136332"/>
</kw>
<kw name="Should Be Equal" owner="BuiltIn">
<arg>${text}</arg>
<arg>${expected}</arg>
<arg>msg=Expect '${expected}' but get '${text}'</arg>
<doc>Fails if the given objects are unequal.</doc>
<status status="PASS" start="2024-01-29T23:39:30.018994" elapsed="0.000198"/>
</kw>
<arg>${locator}</arg>
<arg>${expected}</arg>
<status status="PASS" start="2024-01-29T23:39:29.882366" elapsed="0.136870"/>
</kw>
<arg>${temp_locator}</arg>
<arg>&lt;item_number&gt;</arg>
<arg>${at_item_number}</arg>
<arg>${expected}</arg>
<status status="PASS" start="2024-01-29T23:39:29.881931" elapsed="0.137340"/>
</kw>
<arg>${at_item_number}</arg>
<arg>${expected}</arg>
<arg>${temp_locator}</arg>
<tag>robot:private</tag>
<status status="PASS" start="2024-01-29T23:39:29.881711" elapsed="0.137596"/>
</kw>
<arg>${at_item_number}</arg>
<arg>${expected_list}[3]</arg>
<status status="PASS" start="2024-01-29T23:39:29.881458" elapsed="0.137883"/>
</kw>
<arg>1</arg>
<arg>${item1}</arg>
<status status="PASS" start="2024-01-29T23:39:29.464127" elapsed="0.555245"/>
</kw>
<kw name="Verify an item info of given list at cart page" owner="cart">
<kw name="Verify item name of given number should equal at cart page" owner="cart">
<kw name="_Is item locator of given number equal" owner="cart">
<kw name="Web wait until element text equal after replace text in locator" owner="common">
<kw name="Replace String" owner="String">
<msg time="2024-01-29T23:39:30.020649" level="INFO">${locator} = xpath=(//div[@class="cart_item"])[2]//div[@class="inventory_item_name"]</msg>
<var>${locator}</var>
<arg>${temp_locator}</arg>
<arg>${search_for}</arg>
<arg>${replace_with}</arg>
<doc>Replaces ``search_for`` in the given ``string`` with ``replace_with``.</doc>
<status status="PASS" start="2024-01-29T23:39:30.020528" elapsed="0.000137"/>
</kw>
<kw name="Web wait until element text equal" owner="common">
<kw name="Web get text" owner="common">
<kw name="Web wait until element is visible" owner="common">
<kw name="Wait Until Element Is Visible" owner="SeleniumLibrary">
<arg>${locator}</arg>
<arg>${timeout}</arg>
<doc>Waits until the element ``locator`` is visible.</doc>
<status status="PASS" start="2024-01-29T23:39:30.021574" elapsed="0.017371"/>
</kw>
<arg>${locator}</arg>
<status status="PASS" start="2024-01-29T23:39:30.021105" elapsed="0.017956"/>
</kw>
<kw name="Get Text" owner="SeleniumLibrary">
<msg time="2024-01-29T23:39:30.143426" level="INFO">${text} = Sauce Labs Bolt T-Shirt</msg>
<var>${text}</var>
<arg>${locator}</arg>
<doc>Returns the text value of the element identified by ``locator``.</doc>
<status status="PASS" start="2024-01-29T23:39:30.039188" elapsed="0.104271"/>
</kw>
<return>
<value>${text}</value>
<status status="PASS" start="2024-01-29T23:39:30.143530" elapsed="0.000031"/>
</return>
<msg time="2024-01-29T23:39:30.143653" level="INFO">${text} = Sauce Labs Bolt T-Shirt</msg>
<var>${text}</var>
<arg>${locator}</arg>
<status status="PASS" start="2024-01-29T23:39:30.020946" elapsed="0.122721"/>
</kw>
<kw name="Should Be Equal" owner="BuiltIn">
<arg>${text}</arg>
<arg>${expected}</arg>
<arg>msg=Expect '${expected}' but get '${text}'</arg>
<doc>Fails if the given objects are unequal.</doc>
<status status="PASS" start="2024-01-29T23:39:30.143771" elapsed="0.000197"/>
</kw>
<arg>${locator}</arg>
<arg>${expected}</arg>
<status status="PASS" start="2024-01-29T23:39:30.020754" elapsed="0.123259"/>
</kw>
<arg>${temp_locator}</arg>
<arg>&lt;item_number&gt;</arg>
<arg>${at_item_number}</arg>
<arg>${expected}</arg>
<status status="PASS" start="2024-01-29T23:39:30.020212" elapsed="0.123836"/>
</kw>
<arg>${at_item_number}</arg>
<arg>${expected}</arg>
<arg>${temp_locator}</arg>
<tag>robot:private</tag>
<status status="PASS" start="2024-01-29T23:39:30.020001" elapsed="0.124082"/>
</kw>
<arg>${at_item_number}</arg>
<arg>${expected_list}[0]</arg>
<status status="PASS" start="2024-01-29T23:39:30.019772" elapsed="0.124345"/>
</kw>
<kw name="Verify item description of given number should equal at cart page" owner="cart">
<kw name="_Is item locator of given number equal" owner="cart">
<kw name="Web wait until element text equal after replace text in locator" owner="common">
<kw name="Replace String" owner="String">
<msg time="2024-01-29T23:39:30.145012" level="INFO">${locator} = xpath=(//div[@class="cart_item"])[2]//div[@class="inventory_item_desc"]</msg>
<var>${locator}</var>
<arg>${temp_locator}</arg>
<arg>${search_for}</arg>
<arg>${replace_with}</arg>
<doc>Replaces ``search_for`` in the given ``string`` with ``replace_with``.</doc>
<status status="PASS" start="2024-01-29T23:39:30.144889" elapsed="0.000138"/>
</kw>
<kw name="Web wait until element text equal" owner="common">
<kw name="Web get text" owner="common">
<kw name="Web wait until element is visible" owner="common">
<kw name="Wait Until Element Is Visible" owner="SeleniumLibrary">
<arg>${locator}</arg>
<arg>${timeout}</arg>
<doc>Waits until the element ``locator`` is visible.</doc>
<status status="PASS" start="2024-01-29T23:39:30.145983" elapsed="0.012701"/>
</kw>
<arg>${locator}</arg>
<status status="PASS" start="2024-01-29T23:39:30.145464" elapsed="0.013302"/>
</kw>
<kw name="Get Text" owner="SeleniumLibrary">
<msg time="2024-01-29T23:39:30.260055" level="INFO">${text} = Get your testing superhero on with the Sauce Labs bolt T-shirt. From American Apparel, 100% ringspun combed cotton, heather gray with red bolt.</msg>
<var>${text}</var>
<arg>${locator}</arg>
<doc>Returns the text value of the element identified by ``locator``.</doc>
<status status="PASS" start="2024-01-29T23:39:30.158872" elapsed="0.101215"/>
</kw>
<return>
<value>${text}</value>
<status status="PASS" start="2024-01-29T23:39:30.260168" elapsed="0.000032"/>
</return>
<msg time="2024-01-29T23:39:30.260289" level="INFO">${text} = Get your testing superhero on with the Sauce Labs bolt T-shirt. From American Apparel, 100% ringspun combed cotton, heather gray with red bolt.</msg>
<var>${text}</var>
<arg>${locator}</arg>
<status status="PASS" start="2024-01-29T23:39:30.145309" elapsed="0.114994"/>
</kw>
<kw name="Should Be Equal" owner="BuiltIn">
<arg>${text}</arg>
<arg>${expected}</arg>
<arg>msg=Expect '${expected}' but get '${text}'</arg>
<doc>Fails if the given objects are unequal.</doc>
<status status="PASS" start="2024-01-29T23:39:30.260407" elapsed="0.000192"/>
</kw>
<arg>${locator}</arg>
<arg>${expected}</arg>
<status status="PASS" start="2024-01-29T23:39:30.145116" elapsed="0.115527"/>
</kw>
<arg>${temp_locator}</arg>
<arg>&lt;item_number&gt;</arg>
<arg>${at_item_number}</arg>
<arg>${expected}</arg>
<status status="PASS" start="2024-01-29T23:39:30.144684" elapsed="0.115995"/>
</kw>
<arg>${at_item_number}</arg>
<arg>${expected}</arg>
<arg>${temp_locator}</arg>
<tag>robot:private</tag>
<status status="PASS" start="2024-01-29T23:39:30.144469" elapsed="0.116245"/>
</kw>
<arg>${at_item_number}</arg>
<arg>${expected_list}[1]</arg>
<status status="PASS" start="2024-01-29T23:39:30.144212" elapsed="0.116535"/>
</kw>
<kw name="Verify item price of given number should equal at cart page" owner="cart">
<kw name="_Is item locator of given number equal" owner="cart">
<kw name="Web wait until element text equal after replace text in locator" owner="common">
<kw name="Replace String" owner="String">
<msg time="2024-01-29T23:39:30.261630" level="INFO">${locator} = xpath=(//div[@class="cart_item"])[2]//div[@class="inventory_item_price"]</msg>
<var>${locator}</var>
<arg>${temp_locator}</arg>
<arg>${search_for}</arg>
<arg>${replace_with}</arg>
<doc>Replaces ``search_for`` in the given ``string`` with ``replace_with``.</doc>
<status status="PASS" start="2024-01-29T23:39:30.261514" elapsed="0.000131"/>
</kw>
<kw name="Web wait until element text equal" owner="common">
<kw name="Web get text" owner="common">
<kw name="Web wait until element is visible" owner="common">
<kw name="Wait Until Element Is Visible" owner="SeleniumLibrary">
<arg>${locator}</arg>
<arg>${timeout}</arg>
<doc>Waits until the element ``locator`` is visible.</doc>
<status status="PASS" start="2024-01-29T23:39:30.262536" elapsed="0.011806"/>
</kw>
<arg>${locator}</arg>
<status status="PASS" start="2024-01-29T23:39:30.262079" elapsed="0.012354"/>
</kw>
<kw name="Get Text" owner="SeleniumLibrary">
<msg time="2024-01-29T23:39:30.376381" level="INFO">${text} = $15.99</msg>
<var>${text}</var>
<arg>${locator}</arg>
<doc>Returns the text value of the element identified by ``locator``.</doc>
<status status="PASS" start="2024-01-29T23:39:30.274550" elapsed="0.101889"/>
</kw>
<return>
<value>${text}</value>
<status status="PASS" start="2024-01-29T23:39:30.376576" elapsed="0.000059"/>
</return>
<msg time="2024-01-29T23:39:30.376768" level="INFO">${text} = $15.99</msg>
<var>${text}</var>
<arg>${locator}</arg>
<status status="PASS" start="2024-01-29T23:39:30.261924" elapsed="0.114858"/>
</kw>
<kw name="Should Be Equal" owner="BuiltIn">
<arg>${text}</arg>
<arg>${expected}</arg>
<arg>msg=Expect '${expected}' but get '${text}'</arg>
<doc>Fails if the given objects are unequal.</doc>
<status status="PASS" start="2024-01-29T23:39:30.376935" elapsed="0.000219"/>
</kw>
<arg>${locator}</arg>
<arg>${expected}</arg>
<status status="PASS" start="2024-01-29T23:39:30.261733" elapsed="0.115466"/>
</kw>
<arg>${temp_locator}</arg>
<arg>&lt;item_number&gt;</arg>
<arg>${at_item_number}</arg>
<arg>${expected}</arg>
<status status="PASS" start="2024-01-29T23:39:30.261305" elapsed="0.115975"/>
</kw>
<arg>${at_item_number}</arg>
<arg>${expected}</arg>
<arg>${temp_locator}</arg>
<tag>robot:private</tag>
<status status="PASS" start="2024-01-29T23:39:30.261093" elapsed="0.116225"/>
</kw>
<arg>${at_item_number}</arg>
<arg>${expected_list}[2]</arg>
<status status="PASS" start="2024-01-29T23:39:30.260843" elapsed="0.116509"/>
</kw>
<kw name="Verify item quantity of given number should equal at cart page" owner="cart">
<kw name="_Is item locator of given number equal" owner="cart">
<kw name="Web wait until element text equal after replace text in locator" owner="common">
<kw name="Replace String" owner="String">
<msg time="2024-01-29T23:39:30.378248" level="INFO">${locator} = xpath=(//div[@class="cart_item"])[2]/div[@class="cart_quantity"]</msg>
<var>${locator}</var>
<arg>${temp_locator}</arg>
<arg>${search_for}</arg>
<arg>${replace_with}</arg>
<doc>Replaces ``search_for`` in the given ``string`` with ``replace_with``.</doc>
<status status="PASS" start="2024-01-29T23:39:30.378130" elapsed="0.000133"/>
</kw>
<kw name="Web wait until element text equal" owner="common">
<kw name="Web get text" owner="common">
<kw name="Web wait until element is visible" owner="common">
<kw name="Wait Until Element Is Visible" owner="SeleniumLibrary">
<arg>${locator}</arg>
<arg>${timeout}</arg>
<doc>Waits until the element ``locator`` is visible.</doc>
<status status="PASS" start="2024-01-29T23:39:30.379254" elapsed="0.014284"/>
</kw>
<arg>${locator}</arg>
<status status="PASS" start="2024-01-29T23:39:30.378792" elapsed="0.014870"/>
</kw>
<kw name="Get Text" owner="SeleniumLibrary">
<msg time="2024-01-29T23:39:30.494746" level="INFO">${text} = 1</msg>
<var>${text}</var>
<arg>${locator}</arg>
<doc>Returns the text value of the element identified by ``locator``.</doc>
<status status="PASS" start="2024-01-29T23:39:30.393794" elapsed="0.100982"/>
</kw>
<return>
<value>${text}</value>
<status status="PASS" start="2024-01-29T23:39:30.494843" elapsed="0.000033"/>
</return>
<msg time="2024-01-29T23:39:30.494966" level="INFO">${text} = 1</msg>
<var>${text}</var>
<arg>${locator}</arg>
<status status="PASS" start="2024-01-29T23:39:30.378540" elapsed="0.116440"/>
</kw>
<kw name="Should Be Equal" owner="BuiltIn">
<arg>${text}</arg>
<arg>${expected}</arg>
<arg>msg=Expect '${expected}' but get '${text}'</arg>
<doc>Fails if the given objects are unequal.</doc>
<status status="PASS" start="2024-01-29T23:39:30.495081" elapsed="0.000205"/>
</kw>
<arg>${locator}</arg>
<arg>${expected}</arg>
<status status="PASS" start="2024-01-29T23:39:30.378352" elapsed="0.116980"/>
</kw>
<arg>${temp_locator}</arg>
<arg>&lt;item_number&gt;</arg>
<arg>${at_item_number}</arg>
<arg>${expected}</arg>
<status status="PASS" start="2024-01-29T23:39:30.377925" elapsed="0.117442"/>
</kw>
<arg>${at_item_number}</arg>
<arg>${expected}</arg>
<arg>${temp_locator}</arg>
<tag>robot:private</tag>
<status status="PASS" start="2024-01-29T23:39:30.377704" elapsed="0.117698"/>
</kw>
<arg>${at_item_number}</arg>
<arg>${expected_list}[3]</arg>
<status status="PASS" start="2024-01-29T23:39:30.377447" elapsed="0.117990"/>
</kw>
<arg>2</arg>
<arg>${item2}</arg>
<status status="PASS" start="2024-01-29T23:39:30.019566" elapsed="0.475902"/>
</kw>
<kw name="Verify an item info of given list at cart page" owner="cart">
<kw name="Verify item name of given number should equal at cart page" owner="cart">
<kw name="_Is item locator of given number equal" owner="cart">
<kw name="Web wait until element text equal after replace text in locator" owner="common">
<kw name="Replace String" owner="String">
<msg time="2024-01-29T23:39:30.496603" level="INFO">${locator} = xpath=(//div[@class="cart_item"])[3]//div[@class="inventory_item_name"]</msg>
<var>${locator}</var>
<arg>${temp_locator}</arg>
<arg>${search_for}</arg>
<arg>${replace_with}</arg>
<doc>Replaces ``search_for`` in the given ``string`` with ``replace_with``.</doc>
<status status="PASS" start="2024-01-29T23:39:30.496481" elapsed="0.000137"/>
</kw>
<kw name="Web wait until element text equal" owner="common">
<kw name="Web get text" owner="common">
<kw name="Web wait until element is visible" owner="common">
<kw name="Wait Until Element Is Visible" owner="SeleniumLibrary">
<arg>${locator}</arg>
<arg>${timeout}</arg>
<doc>Waits until the element ``locator`` is visible.</doc>
<status status="PASS" start="2024-01-29T23:39:30.497505" elapsed="0.033292"/>
</kw>
<arg>${locator}</arg>
<status status="PASS" start="2024-01-29T23:39:30.497048" elapsed="0.033838"/>
</kw>
<kw name="Get Text" owner="SeleniumLibrary">
<msg time="2024-01-29T23:39:30.633488" level="INFO">${text} = Sauce Labs Fleece Jacket</msg>
<var>${text}</var>
<arg>${locator}</arg>
<doc>Returns the text value of the element identified by ``locator``.</doc>
<status status="PASS" start="2024-01-29T23:39:30.530996" elapsed="0.102522"/>
</kw>
<return>
<value>${text}</value>
<status status="PASS" start="2024-01-29T23:39:30.633586" elapsed="0.000032"/>
</return>
<msg time="2024-01-29T23:39:30.633706" level="INFO">${text} = Sauce Labs Fleece Jacket</msg>
<var>${text}</var>
<arg>${locator}</arg>
<status status="PASS" start="2024-01-29T23:39:30.496895" elapsed="0.136826"/>
</kw>
<kw name="Should Be Equal" owner="BuiltIn">
<arg>${text}</arg>
<arg>${expected}</arg>
<arg>msg=Expect '${expected}' but get '${text}'</arg>
<doc>Fails if the given objects are unequal.</doc>
<status status="PASS" start="2024-01-29T23:39:30.633825" elapsed="0.000195"/>
</kw>
<arg>${locator}</arg>
<arg>${expected}</arg>
<status status="PASS" start="2024-01-29T23:39:30.496705" elapsed="0.137360"/>
</kw>
<arg>${temp_locator}</arg>
<arg>&lt;item_number&gt;</arg>
<arg>${at_item_number}</arg>
<arg>${expected}</arg>
<status status="PASS" start="2024-01-29T23:39:30.496277" elapsed="0.137823"/>
</kw>
<arg>${at_item_number}</arg>
<arg>${expected}</arg>
<arg>${temp_locator}</arg>
<tag>robot:private</tag>
<status status="PASS" start="2024-01-29T23:39:30.496063" elapsed="0.138073"/>
</kw>
<arg>${at_item_number}</arg>
<arg>${expected_list}[0]</arg>
<status status="PASS" start="2024-01-29T23:39:30.495833" elapsed="0.138337"/>
</kw>
<kw name="Verify item description of given number should equal at cart page" owner="cart">
<kw name="_Is item locator of given number equal" owner="cart">
<kw name="Web wait until element text equal after replace text in locator" owner="common">
<kw name="Replace String" owner="String">
<msg time="2024-01-29T23:39:30.635060" level="INFO">${locator} = xpath=(//div[@class="cart_item"])[3]//div[@class="inventory_item_desc"]</msg>
<var>${locator}</var>
<arg>${temp_locator}</arg>
<arg>${search_for}</arg>
<arg>${replace_with}</arg>
<doc>Replaces ``search_for`` in the given ``string`` with ``replace_with``.</doc>
<status status="PASS" start="2024-01-29T23:39:30.634943" elapsed="0.000132"/>
</kw>
<kw name="Web wait until element text equal" owner="common">
<kw name="Web get text" owner="common">
<kw name="Web wait until element is visible" owner="common">
<kw name="Wait Until Element Is Visible" owner="SeleniumLibrary">
<arg>${locator}</arg>
<arg>${timeout}</arg>
<doc>Waits until the element ``locator`` is visible.</doc>
<status status="PASS" start="2024-01-29T23:39:30.636082" elapsed="0.011660"/>
</kw>
<arg>${locator}</arg>
<status status="PASS" start="2024-01-29T23:39:30.635623" elapsed="0.012207"/>
</kw>
<kw name="Get Text" owner="SeleniumLibrary">
<msg time="2024-01-29T23:39:30.746887" level="INFO">${text} = It's not every day that you come across a midweight quarter-zip fleece jacket capable of handling everything from a relaxing day outdoors to a busy day at the office.</msg>
<var>${text}</var>
<arg>${locator}</arg>
<doc>Returns the text value of the element identified by ``locator``.</doc>
<status status="PASS" start="2024-01-29T23:39:30.647942" elapsed="0.098977"/>
</kw>
<return>
<value>${text}</value>
<status status="PASS" start="2024-01-29T23:39:30.746987" elapsed="0.000030"/>
</return>
<msg time="2024-01-29T23:39:30.747104" level="INFO">${text} = It's not every day that you come across a midweight quarter-zip fleece jacket capable of handling everything from a relaxing day outdoors to a busy day at the office.</msg>
<var>${text}</var>
<arg>${locator}</arg>
<status status="PASS" start="2024-01-29T23:39:30.635466" elapsed="0.111710"/>
</kw>
<kw name="Should Be Equal" owner="BuiltIn">
<arg>${text}</arg>
<arg>${expected}</arg>
<arg>msg=Expect '${expected}' but get '${text}'</arg>
<doc>Fails if the given objects are unequal.</doc>
<status status="PASS" start="2024-01-29T23:39:30.747282" elapsed="0.000199"/>
</kw>
<arg>${locator}</arg>
<arg>${expected}</arg>
<status status="PASS" start="2024-01-29T23:39:30.635162" elapsed="0.112363"/>
</kw>
<arg>${temp_locator}</arg>
<arg>&lt;item_number&gt;</arg>
<arg>${at_item_number}</arg>
<arg>${expected}</arg>
<status status="PASS" start="2024-01-29T23:39:30.634740" elapsed="0.112820"/>
</kw>
<arg>${at_item_number}</arg>
<arg>${expected}</arg>
<arg>${temp_locator}</arg>
<tag>robot:private</tag>
<status status="PASS" start="2024-01-29T23:39:30.634526" elapsed="0.113069"/>
</kw>
<arg>${at_item_number}</arg>
<arg>${expected_list}[1]</arg>
<status status="PASS" start="2024-01-29T23:39:30.634265" elapsed="0.113365"/>
</kw>
<kw name="Verify item price of given number should equal at cart page" owner="cart">
<kw name="_Is item locator of given number equal" owner="cart">
<kw name="Web wait until element text equal after replace text in locator" owner="common">
<kw name="Replace String" owner="String">
<msg time="2024-01-29T23:39:30.748630" level="INFO">${locator} = xpath=(//div[@class="cart_item"])[3]//div[@class="inventory_item_price"]</msg>
<var>${locator}</var>
<arg>${temp_locator}</arg>
<arg>${search_for}</arg>
<arg>${replace_with}</arg>
<doc>Replaces ``search_for`` in the given ``string`` with ``replace_with``.</doc>
<status status="PASS" start="2024-01-29T23:39:30.748487" elapsed="0.000160"/>
</kw>
<kw name="Web wait until element text equal" owner="common">
<kw name="Web get text" owner="common">
<kw name="Web wait until element is visible" owner="common">
<kw name="Wait Until Element Is Visible" owner="SeleniumLibrary">
<arg>${locator}</arg>
<arg>${timeout}</arg>
<doc>Waits until the element ``locator`` is visible.</doc>
<status status="PASS" start="2024-01-29T23:39:30.749588" elapsed="0.011964"/>
</kw>
<arg>${locator}</arg>
<status status="PASS" start="2024-01-29T23:39:30.749119" elapsed="0.012524"/>
</kw>
<kw name="Get Text" owner="SeleniumLibrary">
<msg time="2024-01-29T23:39:30.861162" level="INFO">${text} = $49.99</msg>
<var>${text}</var>
<arg>${locator}</arg>
<doc>Returns the text value of the element identified by ``locator``.</doc>
<status status="PASS" start="2024-01-29T23:39:30.761757" elapsed="0.099435"/>
</kw>
<return>
<value>${text}</value>
<status status="PASS" start="2024-01-29T23:39:30.861257" elapsed="0.000030"/>
</return>
<msg time="2024-01-29T23:39:30.861375" level="INFO">${text} = $49.99</msg>
<var>${text}</var>
<arg>${locator}</arg>
<status status="PASS" start="2024-01-29T23:39:30.748956" elapsed="0.112433"/>
</kw>
<kw name="Should Be Equal" owner="BuiltIn">
<arg>${text}</arg>
<arg>${expected}</arg>
<arg>msg=Expect '${expected}' but get '${text}'</arg>
<doc>Fails if the given objects are unequal.</doc>
<status status="PASS" start="2024-01-29T23:39:30.861496" elapsed="0.000267"/>
</kw>
<arg>${locator}</arg>
<arg>${expected}</arg>
<status status="PASS" start="2024-01-29T23:39:30.748752" elapsed="0.113065"/>
</kw>
<arg>${temp_locator}</arg>
<arg>&lt;item_number&gt;</arg>
<arg>${at_item_number}</arg>
<arg>${expected}</arg>
<status status="PASS" start="2024-01-29T23:39:30.748191" elapsed="0.113669"/>
</kw>
<arg>${at_item_number}</arg>
<arg>${expected}</arg>
<arg>${temp_locator}</arg>
<tag>robot:private</tag>
<status status="PASS" start="2024-01-29T23:39:30.747978" elapsed="0.113924"/>
</kw>
<arg>${at_item_number}</arg>
<arg>${expected_list}[2]</arg>
<status status="PASS" start="2024-01-29T23:39:30.747723" elapsed="0.114218"/>
</kw>
<kw name="Verify item quantity of given number should equal at cart page" owner="cart">
<kw name="_Is item locator of given number equal" owner="cart">
<kw name="Web wait until element text equal after replace text in locator" owner="common">
<kw name="Replace String" owner="String">
<msg time="2024-01-29T23:39:30.862880" level="INFO">${locator} = xpath=(//div[@class="cart_item"])[3]/div[@class="cart_quantity"]</msg>
<var>${locator}</var>
<arg>${temp_locator}</arg>
<arg>${search_for}</arg>
<arg>${replace_with}</arg>
<doc>Replaces ``search_for`` in the given ``string`` with ``replace_with``.</doc>
<status status="PASS" start="2024-01-29T23:39:30.862763" elapsed="0.000133"/>
</kw>
<kw name="Web wait until element text equal" owner="common">
<kw name="Web get text" owner="common">
<kw name="Web wait until element is visible" owner="common">
<kw name="Wait Until Element Is Visible" owner="SeleniumLibrary">
<arg>${locator}</arg>
<arg>${timeout}</arg>
<doc>Waits until the element ``locator`` is visible.</doc>
<status status="PASS" start="2024-01-29T23:39:30.863932" elapsed="0.011621"/>
</kw>
<arg>${locator}</arg>
<status status="PASS" start="2024-01-29T23:39:30.863470" elapsed="0.012172"/>
</kw>
<kw name="Get Text" owner="SeleniumLibrary">
<msg time="2024-01-29T23:39:30.975687" level="INFO">${text} = 1</msg>
<var>${text}</var>
<arg>${locator}</arg>
<doc>Returns the text value of the element identified by ``locator``.</doc>
<status status="PASS" start="2024-01-29T23:39:30.875755" elapsed="0.099961"/>
</kw>
<return>
<value>${text}</value>
<status status="PASS" start="2024-01-29T23:39:30.975782" elapsed="0.000033"/>
</return>
<msg time="2024-01-29T23:39:30.975904" level="INFO">${text} = 1</msg>
<var>${text}</var>
<arg>${locator}</arg>
<status status="PASS" start="2024-01-29T23:39:30.863310" elapsed="0.112608"/>
</kw>
<kw name="Should Be Equal" owner="BuiltIn">
<arg>${text}</arg>
<arg>${expected}</arg>
<arg>msg=Expect '${expected}' but get '${text}'</arg>
<doc>Fails if the given objects are unequal.</doc>
<status status="PASS" start="2024-01-29T23:39:30.976020" elapsed="0.000196"/>
</kw>
[...]
<arg>${TEST_USER}</arg>
<arg>${user}</arg>
<doc>Makes a variable available everywhere within the scope of the current test.</doc>
<status status="PASS" start="2024-01-29T23:40:12.895034" elapsed="0.000589"/>
</kw>
<arg>${user}</arg>
<status status="PASS" start="2024-01-29T23:40:12.894856" elapsed="0.000815"/>
</kw>
<kw name="Web open browser" owner="common">
<kw name="Create Webdriver" owner="SeleniumLibrary">
<msg time="2024-01-29T23:40:12.896227" level="INFO">Creating an instance of the Chrome WebDriver.</msg>
<arg>Chrome</arg>
<doc>Creates an instance of Selenium WebDriver.</doc>
<status status="PASS" start="2024-01-29T23:40:12.896158" elapsed="4.390402"/>
</kw>
<kw name="Go To" owner="SeleniumLibrary">
<msg time="2024-01-29T23:40:17.287280" level="INFO">Opening url 'https://www.saucedemo.com/'</msg>
<arg>${url}</arg>
<doc>Navigates the current browser window to the provided ``url``.</doc>
<status status="PASS" start="2024-01-29T23:40:17.287009" elapsed="1.893904"/>
</kw>
<kw name="Maximize Browser Window" owner="SeleniumLibrary">
<doc>Maximizes current browser window.</doc>
<status status="PASS" start="2024-01-29T23:40:19.181125" elapsed="0.410709"/>
</kw>
<status status="PASS" start="2024-01-29T23:40:12.895757" elapsed="6.711903"/>
</kw>
<status status="PASS" start="2024-01-29T23:40:12.894260" elapsed="6.713486"/>
</kw>
<kw name="Verify is on landing login page" owner="login">
<kw name="Web wait until element is visible" owner="common">
<kw name="Wait Until Element Is Visible" owner="SeleniumLibrary">
<arg>${locator}</arg>
<arg>${timeout}</arg>
<doc>Waits until the element ``locator`` is visible.</doc>
<status status="PASS" start="2024-01-29T23:40:19.609739" elapsed="0.241098"/>
</kw>
<arg>${LAD_login_btn}</arg>
<status status="PASS" start="2024-01-29T23:40:19.608373" elapsed="0.242575"/>
</kw>
<status status="PASS" start="2024-01-29T23:40:19.608041" elapsed="0.242954"/>
</kw>
<kw name="Input username at login page" owner="login">
<kw name="Web input text" owner="common">
<kw name="Web wait until element is visible" owner="common">
<kw name="Wait Until Element Is Visible" owner="SeleniumLibrary">
<arg>${locator}</arg>
<arg>${timeout}</arg>
<doc>Waits until the element ``locator`` is visible.</doc>
<status status="PASS" start="2024-01-29T23:40:19.853130" elapsed="0.119372"/>
</kw>
<arg>${locator}</arg>
<status status="PASS" start="2024-01-29T23:40:19.852362" elapsed="0.120253"/>
</kw>
<kw name="Input Text" owner="SeleniumLibrary">
<msg time="2024-01-29T23:40:19.972965" level="INFO">Typing text 'standard_user' into text field 'id=user-name'.</msg>
<arg>${locator}</arg>
<arg>${input_value}</arg>
<arg>${is_clear}</arg>
<doc>Types the given ``text`` into the text field identified by ``locator``.</doc>
<status status="PASS" start="2024-01-29T23:40:19.972753" elapsed="0.982322"/>
</kw>
<arg>${locator}</arg>
<arg>${user}</arg>
<status status="PASS" start="2024-01-29T23:40:19.851880" elapsed="1.103300"/>
</kw>
<arg>${TEST_USER.username}</arg>
<status status="PASS" start="2024-01-29T23:40:19.851212" elapsed="1.104017"/>
</kw>
<kw name="Input password at login page" owner="login">
<kw name="Web input text" owner="common">
<kw name="Web wait until element is visible" owner="common">
<kw name="Wait Until Element Is Visible" owner="SeleniumLibrary">
<arg>${locator}</arg>
<arg>${timeout}</arg>
<doc>Waits until the element ``locator`` is visible.</doc>
<status status="PASS" start="2024-01-29T23:40:20.956766" elapsed="0.079990"/>
</kw>
<arg>${locator}</arg>
<status status="PASS" start="2024-01-29T23:40:20.956300" elapsed="0.080555"/>
</kw>
<kw name="Input Text" owner="SeleniumLibrary">
<msg time="2024-01-29T23:40:21.037178" level="INFO">Typing text 'secret_sauce' into text field 'id=password'.</msg>
<arg>${locator}</arg>
<arg>${input_value}</arg>
<arg>${is_clear}</arg>
<doc>Types the given ``text`` into the text field identified by ``locator``.</doc>
<status status="PASS" start="2024-01-29T23:40:21.036979" elapsed="0.323406"/>
</kw>
<arg>${locator}</arg>
<arg>${user}</arg>
<status status="PASS" start="2024-01-29T23:40:20.956064" elapsed="0.404420"/>
</kw>
<arg>${TEST_USER.password}</arg>
<status status="PASS" start="2024-01-29T23:40:20.955432" elapsed="0.405097"/>
</kw>
<kw name="Click &quot;login&quot; button at login page" owner="login">
<kw name="Web click element" owner="common">
<kw name="Web wait until element is visible" owner="common">
<kw name="Wait Until Element Is Visible" owner="SeleniumLibrary">
<arg>${locator}</arg>
<arg>${timeout}</arg>
<doc>Waits until the element ``locator`` is visible.</doc>
<status status="PASS" start="2024-01-29T23:40:21.361701" elapsed="0.073626"/>
</kw>
<arg>${locator}</arg>
<status status="PASS" start="2024-01-29T23:40:21.361134" elapsed="0.074291"/>
</kw>
<kw name="Click Element" owner="SeleniumLibrary">
<msg time="2024-01-29T23:40:21.435739" level="INFO">Clicking element 'id=login-button'.</msg>
<arg>${locator}</arg>
<doc>Click the element identified by ``locator``.</doc>
<status status="PASS" start="2024-01-29T23:40:21.435565" elapsed="1.753069"/>
</kw>
<arg>${locator}</arg>
<status status="PASS" start="2024-01-29T23:40:21.360951" elapsed="1.827790"/>
</kw>
<status status="PASS" start="2024-01-29T23:40:21.360707" elapsed="1.828080"/>
</kw>
<kw name="Verify is on products page" owner="products">
<kw name="Web wait until element text equal" owner="common">
<kw name="Web get text" owner="common">
<kw name="Web wait until element is visible" owner="common">
<kw name="Wait Until Element Is Visible" owner="SeleniumLibrary">
<arg>${locator}</arg>
<arg>${timeout}</arg>
<doc>Waits until the element ``locator`` is visible.</doc>
<status status="PASS" start="2024-01-29T23:40:23.190551" elapsed="0.193992"/>
</kw>
<arg>${locator}</arg>
<status status="PASS" start="2024-01-29T23:40:23.190047" elapsed="0.194586"/>
</kw>
<kw name="Get Text" owner="SeleniumLibrary">
<msg time="2024-01-29T23:40:23.512541" level="INFO">${text} = Products</msg>
<var>${text}</var>
<arg>${locator}</arg>
<doc>Returns the text value of the element identified by ``locator``.</doc>
<status status="PASS" start="2024-01-29T23:40:23.384772" elapsed="0.127802"/>
</kw>
<return>
<value>${text}</value>
<status status="PASS" start="2024-01-29T23:40:23.512651" elapsed="0.000044"/>
</return>
<msg time="2024-01-29T23:40:23.512791" level="INFO">${text} = Products</msg>
<var>${text}</var>
<arg>${locator}</arg>
<status status="PASS" start="2024-01-29T23:40:23.189844" elapsed="0.322962"/>
</kw>
<kw name="Should Be Equal" owner="BuiltIn">
<arg>${text}</arg>
<arg>${expected}</arg>
<arg>msg=Expect '${expected}' but get '${text}'</arg>
<doc>Fails if the given objects are unequal.</doc>
<status status="PASS" start="2024-01-29T23:40:23.512923" elapsed="0.000207"/>
</kw>
<arg>${PRD_title_txt}</arg>
<arg>${products_page.title}</arg>
<status status="PASS" start="2024-01-29T23:40:23.189209" elapsed="0.323966"/>
</kw>
<status status="PASS" start="2024-01-29T23:40:23.188983" elapsed="0.324228"/>
</kw>
<kw name="Click at burger icon to expand side menu" owner="side_menu">
<kw name="Web click element" owner="common">
<kw name="Web wait until element is visible" owner="common">
<kw name="Wait Until Element Is Visible" owner="SeleniumLibrary">
<arg>${locator}</arg>
<arg>${timeout}</arg>
<doc>Waits until the element ``locator`` is visible.</doc>
<status status="PASS" start="2024-01-29T23:40:23.514232" elapsed="0.019026"/>
</kw>
<arg>${locator}</arg>
<status status="PASS" start="2024-01-29T23:40:23.513785" elapsed="0.019565"/>
</kw>
<kw name="Click Element" owner="SeleniumLibrary">
<msg time="2024-01-29T23:40:23.533612" level="INFO">Clicking element 'xpath=//div[@class="bm-burger-button"]'.</msg>
<arg>${locator}</arg>
<doc>Click the element identified by ``locator``.</doc>
<status status="PASS" start="2024-01-29T23:40:23.533465" elapsed="0.344363"/>
</kw>
<arg>${SMN_burger_ele}</arg>
<status status="PASS" start="2024-01-29T23:40:23.513502" elapsed="0.364428"/>
</kw>
<status status="PASS" start="2024-01-29T23:40:23.513342" elapsed="0.364630"/>
</kw>
<kw name="Click &quot;logout&quot; button at side menu" owner="side_menu">
<kw name="Web click element" owner="common">
<kw name="Web wait until element is visible" owner="common">
<kw name="Wait Until Element Is Visible" owner="SeleniumLibrary">
<arg>${locator}</arg>
<arg>${timeout}</arg>
<doc>Waits until the element ``locator`` is visible.</doc>
<status status="PASS" start="2024-01-29T23:40:23.879171" elapsed="0.387333"/>
</kw>
<arg>${locator}</arg>
<status status="PASS" start="2024-01-29T23:40:23.878616" elapsed="0.387995"/>
</kw>
<kw name="Click Element" owner="SeleniumLibrary">
<msg time="2024-01-29T23:40:24.266909" level="INFO">Clicking element 'id=logout_sidebar_link'.</msg>
<arg>${locator}</arg>
<doc>Click the element identified by ``locator``.</doc>
<status status="PASS" start="2024-01-29T23:40:24.266740" elapsed="0.912166"/>
</kw>
<arg>${SMN_logout_ele}</arg>
<status status="PASS" start="2024-01-29T23:40:23.878378" elapsed="1.300745"/>
</kw>
<status status="PASS" start="2024-01-29T23:40:23.878158" elapsed="1.301020"/>
</kw>
<kw name="Verify is on landing login page" owner="login">
<kw name="Web wait until element is visible" owner="common">
<kw name="Wait Until Element Is Visible" owner="SeleniumLibrary">
<arg>${locator}</arg>
<arg>${timeout}</arg>
<doc>Waits until the element ``locator`` is visible.</doc>
<status status="PASS" start="2024-01-29T23:40:25.180328" elapsed="0.311010"/>
</kw>
<arg>${LAD_login_btn}</arg>
<status status="PASS" start="2024-01-29T23:40:25.179758" elapsed="0.311740"/>
</kw>
<status status="PASS" start="2024-01-29T23:40:25.179517" elapsed="0.312025"/>
</kw>
<kw name="Teardown common keyword" owner="common" type="TEARDOWN">
<kw name="Close All Browsers" owner="SeleniumLibrary">
<doc>Closes all open browsers and resets the browser cache.</doc>
<status status="PASS" start="2024-01-29T23:40:25.492285" elapsed="0.078696"/>
</kw>
<status status="PASS" start="2024-01-29T23:40:25.491965" elapsed="0.079123"/>
</kw>
<tag>regression</tag>
<status status="PASS" start="2024-01-29T23:40:12.894037" elapsed="12.677132"/>
</test>
<test id="s1-s3-t2" name="TC_002 User login not success due to input incorrect password" line="28">
<kw name="Setup keyword for login" type="SETUP">
<kw name="Web set test user for test case" owner="common">
<kw name="Set Test Variable" owner="BuiltIn">
<msg time="2024-01-29T23:40:25.573424" level="INFO">${TEST_USER} = {'username': 'standard_user', 'password': 'secret_sauce', 'incorrect_password': 'panusin_sinthon', 'personal_info': {'first_name': 'panusin', 'last_name': 'sinthon', 'postal_code': {'correct': 41130, ...</msg>
<arg>${TEST_USER}</arg>
<arg>${user}</arg>
<doc>Makes a variable available everywhere within the scope of the current test.</doc>
<status status="PASS" start="2024-01-29T23:40:25.572725" elapsed="0.000742"/>
</kw>
<arg>${user}</arg>
<status status="PASS" start="2024-01-29T23:40:25.572442" elapsed="0.001086"/>
</kw>
<kw name="Web open browser" owner="common">
<kw name="Create Webdriver" owner="SeleniumLibrary">
<msg time="2024-01-29T23:40:25.574267" level="INFO">Creating an instance of the Chrome WebDriver.</msg>
<arg>Chrome</arg>
<doc>Creates an instance of Selenium WebDriver.</doc>
<status status="PASS" start="2024-01-29T23:40:25.574149" elapsed="4.255008"/>
</kw>
<kw name="Go To" owner="SeleniumLibrary">
<msg time="2024-01-29T23:40:29.829794" level="INFO">Opening url 'https://www.saucedemo.com/'</msg>
<arg>${url}</arg>
<doc>Navigates the current browser window to the provided ``url``.</doc>
<status status="PASS" start="2024-01-29T23:40:29.829554" elapsed="1.342374"/>
</kw>
<kw name="Maximize Browser Window" owner="SeleniumLibrary">
<doc>Maximizes current browser window.</doc>
<status status="PASS" start="2024-01-29T23:40:31.172187" elapsed="0.416716"/>
</kw>
<status status="PASS" start="2024-01-29T23:40:25.573639" elapsed="6.015391"/>
</kw>
<status status="PASS" start="2024-01-29T23:40:25.571726" elapsed="6.017363"/>
</kw>
<kw name="Verify is on landing login page" owner="login">
<kw name="Web wait until element is visible" owner="common">
<kw name="Wait Until Element Is Visible" owner="SeleniumLibrary">
<arg>${locator}</arg>
<arg>${timeout}</arg>
<doc>Waits until the element ``locator`` is visible.</doc>
<status status="PASS" start="2024-01-29T23:40:31.590202" elapsed="0.244237"/>
</kw>
<arg>${LAD_login_btn}</arg>
<status status="PASS" start="2024-01-29T23:40:31.589600" elapsed="0.244958"/>
</kw>
<status status="PASS" start="2024-01-29T23:40:31.589364" elapsed="0.245244"/>
</kw>
<kw name="Input username at login page" owner="login">
<kw name="Web input text" owner="common">
<kw name="Web wait until element is visible" owner="common">
<kw name="Wait Until Element Is Visible" owner="SeleniumLibrary">
<arg>${locator}</arg>
<arg>${timeout}</arg>
<doc>Waits until the element ``locator`` is visible.</doc>
<status status="PASS" start="2024-01-29T23:40:31.836354" elapsed="0.052251"/>
</kw>
<arg>${locator}</arg>
<status status="PASS" start="2024-01-29T23:40:31.835808" elapsed="0.052913"/>
</kw>
<kw name="Input Text" owner="SeleniumLibrary">
<msg time="2024-01-29T23:40:31.889193" level="INFO">Typing text 'standard_user' into text field 'id=user-name'.</msg>
<arg>${locator}</arg>
<arg>${input_value}</arg>
<arg>${is_clear}</arg>
<doc>Types the given ``text`` into the text field identified by ``locator``.</doc>
<status status="PASS" start="2024-01-29T23:40:31.888906" elapsed="1.128468"/>
</kw>
<arg>${locator}</arg>
<arg>${user}</arg>
<status status="PASS" start="2024-01-29T23:40:31.835521" elapsed="1.181959"/>
</kw>
<arg>${TEST_USER.username}</arg>
<status status="PASS" start="2024-01-29T23:40:31.834830" elapsed="1.182696"/>
</kw>
<kw name="Input password at login page" owner="login">
<kw name="Web input text" owner="common">
<kw name="Web wait until element is visible" owner="common">
<kw name="Wait Until Element Is Visible" owner="SeleniumLibrary">
<arg>${locator}</arg>
<arg>${timeout}</arg>
<doc>Waits until the element ``locator`` is visible.</doc>
<status status="PASS" start="2024-01-29T23:40:33.019030" elapsed="0.151773"/>
</kw>
<arg>${locator}</arg>
<status status="PASS" start="2024-01-29T23:40:33.018553" elapsed="0.152347"/>
</kw>
<kw name="Input Text" owner="SeleniumLibrary">
<msg time="2024-01-29T23:40:33.171228" level="INFO">Typing text 'panusin_sinthon' into text field 'id=password'.</msg>
<arg>${locator}</arg>
<arg>${input_value}</arg>
<arg>${is_clear}</arg>
<doc>Types the given ``text`` into the text field identified by ``locator``.</doc>
<status status="PASS" start="2024-01-29T23:40:33.171025" elapsed="0.378360"/>
</kw>
<arg>${locator}</arg>
<arg>${user}</arg>
<status status="PASS" start="2024-01-29T23:40:33.018310" elapsed="0.531176"/>
</kw>
<arg>${TEST_USER.incorrect_password}</arg>
<status status="PASS" start="2024-01-29T23:40:33.017722" elapsed="0.531810"/>
</kw>
<kw name="Click &quot;login&quot; button at login page" owner="login">
<kw name="Web click element" owner="common">
<kw name="Web wait until element is visible" owner="common">
<kw name="Wait Until Element Is Visible" owner="SeleniumLibrary">
<arg>${locator}</arg>
<arg>${timeout}</arg>
<doc>Waits until the element ``locator`` is visible.</doc>
<status status="PASS" start="2024-01-29T23:40:33.550628" elapsed="0.055582"/>
</kw>
<arg>${locator}</arg>
<status status="PASS" start="2024-01-29T23:40:33.550139" elapsed="0.056173"/>
</kw>
<kw name="Click Element" owner="SeleniumLibrary">
<msg time="2024-01-29T23:40:33.606658" level="INFO">Clicking element 'id=login-button'.</msg>
<arg>${locator}</arg>
<doc>Click the element identified by ``locator``.</doc>
<status status="PASS" start="2024-01-29T23:40:33.606459" elapsed="1.110347"/>
</kw>
<arg>${locator}</arg>
<status status="PASS" start="2024-01-29T23:40:33.549954" elapsed="1.166955"/>
</kw>
<status status="PASS" start="2024-01-29T23:40:33.549717" elapsed="1.167234"/>
</kw>
<kw name="Verify login error when input incorrect_password" owner="login">
<kw name="_Is login error is displayed" owner="login">
<kw name="Web wait until element text equal" owner="common">
<kw name="Web get text" owner="common">
<kw name="Web wait until element is visible" owner="common">
<kw name="Wait Until Element Is Visible" owner="SeleniumLibrary">
<arg>${locator}</arg>
<arg>${timeout}</arg>
<doc>Waits until the element ``locator`` is visible.</doc>
<status status="PASS" start="2024-01-29T23:40:34.718932" elapsed="0.200526"/>
</kw>
<arg>${locator}</arg>
<status status="PASS" start="2024-01-29T23:40:34.718429" elapsed="0.201122"/>
</kw>
<kw name="Get Text" owner="SeleniumLibrary">
<msg time="2024-01-29T23:40:35.103523" level="INFO">${text} = Epic sadface: Username and password do not match any user in this service</msg>
<var>${text}</var>
<arg>${locator}</arg>
<doc>Returns the text value of the element identified by ``locator``.</doc>
<status status="PASS" start="2024-01-29T23:40:34.919688" elapsed="0.183866"/>
</kw>
<return>
<value>${text}</value>
<status status="PASS" start="2024-01-29T23:40:35.103625" elapsed="0.000047"/>
</return>
<msg time="2024-01-29T23:40:35.103761" level="INFO">${text} = Epic sadface: Username and password do not match any user in this service</msg>
<var>${text}</var>
<arg>${locator}</arg>
<status status="PASS" start="2024-01-29T23:40:34.718133" elapsed="0.385646"/>
</kw>
<kw name="Should Be Equal" owner="BuiltIn">
<arg>${text}</arg>
<arg>${expected}</arg>
<arg>msg=Expect '${expected}' but get '${text}'</arg>
<doc>Fails if the given objects are unequal.</doc>
<status status="PASS" start="2024-01-29T23:40:35.103895" elapsed="0.000215"/>
</kw>
<arg>${locator}</arg>
<arg>${error_msg}</arg>
<status status="PASS" start="2024-01-29T23:40:34.717903" elapsed="0.387238"/>
</kw>
<arg>${error.login.incorrect_password}</arg>
<tag>robot:private</tag>
<status status="PASS" start="2024-01-29T23:40:34.717380" elapsed="0.387817"/>
</kw>
<status status="PASS" start="2024-01-29T23:40:34.717150" elapsed="0.388086"/>
</kw>
<kw name="Verify products title is not shown" owner="products">
<kw name="Web wait until element is not visible" owner="common">
<kw name="Wait Until Element Is Not Visible" owner="SeleniumLibrary">
<arg>${locator}</arg>
<arg>${timeout}</arg>
<doc>Waits until the element ``locator`` is not visible.</doc>
<status status="PASS" start="2024-01-29T23:40:35.106016" elapsed="0.013455"/>
</kw>
<arg>${PRD_title_txt}</arg>
<status status="PASS" start="2024-01-29T23:40:35.105549" elapsed="0.014010"/>
</kw>
<status status="PASS" start="2024-01-29T23:40:35.105373" elapsed="0.014226"/>
</kw>
<kw name="Teardown common keyword" owner="common" type="TEARDOWN">
<kw name="Close All Browsers" owner="SeleniumLibrary">
<doc>Closes all open browsers and resets the browser cache.</doc>
<status status="PASS" start="2024-01-29T23:40:35.120018" elapsed="0.072931"/>
</kw>
<status status="PASS" start="2024-01-29T23:40:35.119823" elapsed="0.073215"/>
</kw>
<tag>regression</tag>
<status status="PASS" start="2024-01-29T23:40:25.571419" elapsed="9.621684"/>
</test>
<status status="PASS" start="2024-01-29T23:40:12.886746" elapsed="22.306599"/>
</suite>
<status status="PASS" start="2024-01-29T23:39:08.368539" elapsed="86.825138"/>
</suite>
<statistics>
<total>
<stat pass="5" fail="0" skip="0">All Tests</stat>
</total>
<tag>
<stat pass="5" fail="0" skip="0">regression</stat>
<stat pass="3" fail="0" skip="0">testdodo</stat>
</tag>
<suite>
<stat pass="5" fail="0" skip="0" id="s1" name="Cart &amp; Checkout &amp; Login Logout">Cart &amp; Checkout &amp; Login Logout</stat>
<stat pass="2" fail="0" skip="0" id="s1-s1" name="Cart">Cart &amp; Checkout &amp; Login Logout.Cart</stat>
<stat pass="1" fail="0" skip="0" id="s1-s2" name="Checkout">Cart &amp; Checkout &amp; Login Logout.Checkout</stat>
<stat pass="2" fail="0" skip="0" id="s1-s3" name="Login Logout">Cart &amp; Checkout &amp; Login Logout.Login Logout</stat>
</suite>
</statistics>
<errors>
</errors>
</robot>
